{"numTotalTestSuites":68,"numPassedTestSuites":68,"numFailedTestSuites":0,"numPendingTestSuites":0,"numTotalTests":450,"numPassedTests":450,"numFailedTests":0,"numPendingTests":0,"numTodoTests":0,"snapshot":{"added":0,"failure":false,"filesAdded":0,"filesRemoved":0,"filesRemovedList":[],"filesUnmatched":0,"filesUpdated":0,"matched":0,"total":0,"unchecked":0,"uncheckedKeysByFile":[],"unmatched":0,"updated":0,"didUpdate":false},"startTime":1786299129355,"success":true,"testResults":[{"assertionResults":[{"ancestorTitles":["AppAuthenticatedShell.vue"],"fullName":"AppAuthenticatedShell.vue skips eager background recovery when no pending transfer hint exists and forwards ensureSessionValidation","status":"passed","title":"skips eager background recovery when no pending transfer hint exists and forwards ensureSessionValidation","duration":667.7879599999999,"failureMessages":[],"meta":{}},{"ancestorTitles":["AppAuthenticatedShell.vue"],"fullName":"AppAuthenticatedShell.vue starts background recovery immediately when a pending transfer hint exists","status":"passed","title":"starts background recovery immediately when a pending transfer hint exists","duration":60.907728000000134,"failureMessages":[],"meta":{}},{"ancestorTitles":["AppAuthenticatedShell.vue"],"fullName":"AppAuthenticatedShell.vue keeps security layers but omits BottomNav in focused authenticated mode","status":"passed","title":"keeps security layers but omits BottomNav in focused authenticated mode","duration":10.820042999999714,"failureMessages":[],"meta":{}},{"ancestorTitles":["AppAuthenticatedShell.vue"],"fullName":"AppAuthenticatedShell.vue skips session verification without a refresh token and swallows verification failures","status":"passed","title":"skips session verification without a refresh token and swallows verification failures","duration":10.160539999999855,"failureMessages":[],"meta":{}}],"startTime":1786299177001,"endTime":1786299177751.1606,"status":"passed","message":"","name":"/tmp/trading-bot-webapp-uiux-redesign-v2/frontend/src/components/AppAuthenticatedShell.test.ts"},{"assertionResults":[{"ancestorTitles":["AppToasts.vue"],"fullName":"AppToasts.vue uses a named native route button and removes the toast after activation","status":"passed","title":"uses a named native route button and removes the toast after activation","duration":130.5301239999999,"failureMessages":[],"meta":{}},{"ancestorTitles":["AppToasts.vue"],"fullName":"AppToasts.vue dismisses the toast when the close button is pressed","status":"passed","title":"dismisses the toast when the close button is pressed","duration":24.17922099999987,"failureMessages":[],"meta":{}},{"ancestorTitles":["AppToasts.vue"],"fullName":"AppToasts.vue renders live toasts through the AppToast tone classes","status":"passed","title":"renders live toasts through the AppToast tone classes","duration":26.63085000000001,"failureMessages":[],"meta":{}},{"ancestorTitles":["AppToasts.vue"],"fullName":"AppToasts.vue uses the canonical motion token and labelled dismiss action in the V2 shell","status":"passed","title":"uses the canonical motion token and labelled dismiss action in the V2 shell","duration":22.391861999999946,"failureMessages":[],"meta":{}},{"ancestorTitles":["AppToasts.vue"],"fullName":"AppToasts.vue keeps legacy transition, semantics, and security-layer behavior outside the V2 shell","status":"passed","title":"keeps legacy transition, semantics, and security-layer behavior outside the V2 shell","duration":36.278134000000136,"failureMessages":[],"meta":{}},{"ancestorTitles":["AppToasts.vue"],"fullName":"AppToasts.vue makes the toast layer inert and hidden from assistive technology during a security choice","status":"passed","title":"makes the toast layer inert and hidden from assistive technology during a security choice","duration":36.21956199999977,"failureMessages":[],"meta":{}},{"ancestorTitles":["AppToasts.vue"],"fullName":"AppToasts.vue does not apply the legacy swipe scale transform in the V2 shell","status":"passed","title":"does not apply the legacy swipe scale transform in the V2 shell","duration":24.382518999999775,"failureMessages":[],"meta":{}},{"ancestorTitles":["AppToasts.vue"],"fullName":"AppToasts.vue ignores click navigation while the user is swiping and dismisses after a large swipe","status":"passed","title":"ignores click navigation while the user is swiping and dismisses after a large swipe","duration":36.77369799999997,"failureMessages":[],"meta":{}},{"ancestorTitles":["AppToasts.vue"],"fullName":"AppToasts.vue keeps a route-less toast non-interactive and leaves dismissal to the separate control","status":"passed","title":"keeps a route-less toast non-interactive and leaves dismissal to the separate control","duration":37.509454000000005,"failureMessages":[],"meta":{}},{"ancestorTitles":["AppToasts.vue"],"fullName":"AppToasts.vue keeps toast context for unsafe, failed, and recovery-redirected navigation","status":"passed","title":"keeps toast context for unsafe, failed, and recovery-redirected navigation","duration":52.95544199999995,"failureMessages":[],"meta":{}},{"ancestorTitles":["AppToasts.vue"],"fullName":"AppToasts.vue pauses auto-dismiss for focus, hover, and a blocking security layer","status":"passed","title":"pauses auto-dismiss for focus, hover, and a blocking security layer","duration":87.17506000000003,"failureMessages":[],"meta":{}}],"startTime":1786299189596,"endTime":1786299190111.175,"status":"passed","message":"","name":"/tmp/trading-bot-webapp-uiux-redesign-v2/frontend/src/components/AppToasts.test.ts"},{"assertionResults":[{"ancestorTitles":["BottomNav.vue"],"fullName":"BottomNav.vue adds canonical navigation hooks only for an explicitly scoped V2 shell","status":"passed","title":"adds canonical navigation hooks only for an explicitly scoped V2 shell","duration":702.8814410000002,"failureMessages":[],"meta":{}},{"ancestorTitles":["BottomNav.vue"],"fullName":"BottomNav.vue shows the operations entry immediately from an authoritative cached identity","status":"passed","title":"shows the operations entry immediately from an authoritative cached identity","duration":63.1407750000003,"failureMessages":[],"meta":{}},{"ancestorTitles":["BottomNav.vue"],"fullName":"BottomNav.vue keeps Market and Operations hidden for a role-only cached identity","status":"passed","title":"keeps Market and Operations hidden for a role-only cached identity","duration":50.659595999999965,"failureMessages":[],"meta":{}},{"ancestorTitles":["BottomNav.vue"],"fullName":"BottomNav.vue primes the current user, toggles the FAB menu, collapses on route changes, and renders disabled plus capped unread states","status":"passed","title":"primes the current user, toggles the FAB menu, collapses on route changes, and renders disabled plus capped unread states","duration":125.6882129999999,"failureMessages":[],"meta":{}},{"ancestorTitles":["BottomNav.vue"],"fullName":"BottomNav.vue hides market and the empty operations destination for accountant users","status":"passed","title":"hides market and the empty operations destination for accountant users","duration":38.961859000000004,"failureMessages":[],"meta":{}},{"ancestorTitles":["BottomNav.vue"],"fullName":"BottomNav.vue hides the empty operations destination for customer users","status":"passed","title":"hides the empty operations destination for customer users","duration":42.312429000000066,"failureMessages":[],"meta":{}},{"ancestorTitles":["BottomNav.vue"],"fullName":"BottomNav.vue hides Market for an inactive account while retaining its permitted daily destinations","status":"passed","title":"hides Market for an inactive account while retaining its permitted daily destinations","duration":42.79461700000002,"failureMessages":[],"meta":{}},{"ancestorTitles":["BottomNav.vue"],"fullName":"BottomNav.vue keeps operations and account tabs active for the new workspace route names","status":"passed","title":"keeps operations and account tabs active for the new workspace route names","duration":57.98685099999966,"failureMessages":[],"meta":{}},{"ancestorTitles":["BottomNav.vue"],"fullName":"BottomNav.vue shows a red closed marker on the market navigation item when the market is closed","status":"passed","title":"shows a red closed marker on the market navigation item when the market is closed","duration":48.10886000000028,"failureMessages":[],"meta":{}},{"ancestorTitles":["BottomNav.vue"],"fullName":"BottomNav.vue restores the persisted FAB position for messenger and ignores malformed stored coordinates","status":"passed","title":"restores the persisted FAB position for messenger and ignores malformed stored coordinates","duration":57.89078000000018,"failureMessages":[],"meta":{}},{"ancestorTitles":["BottomNav.vue"],"fullName":"BottomNav.vue ignores non-numeric saved FAB coordinates and supports touch dragging with changedTouches fallback","status":"passed","title":"ignores non-numeric saved FAB coordinates and supports touch dragging with changedTouches fallback","duration":81.4505720000002,"failureMessages":[],"meta":{}},{"ancestorTitles":["BottomNav.vue"],"fullName":"BottomNav.vue renders disabled entries inside the expanded FAB menu when a nav item is flagged disabled","status":"passed","title":"renders disabled entries inside the expanded FAB menu when a nav item is flagged disabled","duration":56.819684999999936,"failureMessages":[],"meta":{}},{"ancestorTitles":["BottomNav.vue"],"fullName":"BottomNav.vue positions the expanded FAB menu toward visible viewport space near screen edges","status":"passed","title":"positions the expanded FAB menu toward visible viewport space near screen edges","duration":87.90108299999974,"failureMessages":[],"meta":{}},{"ancestorTitles":["BottomNav.vue"],"fullName":"BottomNav.vue drags the FAB with mouse events, persists the bounded position, and ignores toggle clicks while dragging","status":"passed","title":"drags the FAB with mouse events, persists the bounded position, and ignores toggle clicks while dragging","duration":71.24138200000016,"failureMessages":[],"meta":{}}],"startTime":1786299165846,"endTime":1786299167377.2415,"status":"passed","message":"","name":"/tmp/trading-bot-webapp-uiux-redesign-v2/frontend/src/components/BottomNav.test.ts"},{"assertionResults":[{"ancestorTitles":["PWAInstallOverlay.vue"],"fullName":"PWAInstallOverlay.vue shows the inline install card after the delay for an eligible healthy home and can be dismissed","status":"passed","title":"shows the inline install card after the delay for an eligible healthy home and can be dismissed","duration":119.95559000000003,"failureMessages":[],"meta":{}},{"ancestorTitles":["PWAInstallOverlay.vue"],"fullName":"PWAInstallOverlay.vue does not reopen the prompt when it was dismissed less than a day ago","status":"passed","title":"does not reopen the prompt when it was dismissed less than a day ago","duration":11.768388999999843,"failureMessages":[],"meta":{}},{"ancestorTitles":["PWAInstallOverlay.vue"],"fullName":"PWAInstallOverlay.vue shows the prompt when installability becomes available after the initial delay","status":"passed","title":"shows the prompt when installability becomes available after the initial delay","duration":37.57585300000028,"failureMessages":[],"meta":{}},{"ancestorTitles":["PWAInstallOverlay.vue"],"fullName":"PWAInstallOverlay.vue shows the iOS guide inline instead of calling installApp","status":"passed","title":"shows the iOS guide inline instead of calling installApp","duration":29.115290000000186,"failureMessages":[],"meta":{}},{"ancestorTitles":["PWAInstallOverlay.vue"],"fullName":"PWAInstallOverlay.vue calls installApp on supported browsers and hides the overlay when installation succeeds","status":"passed","title":"calls installApp on supported browsers and hides the overlay when installation succeeds","duration":19.52423799999997,"failureMessages":[],"meta":{}},{"ancestorTitles":["PWAInstallOverlay.vue"],"fullName":"PWAInstallOverlay.vue closes and applies the quiet period when the browser install prompt is dismissed","status":"passed","title":"closes and applies the quiet period when the browser install prompt is dismissed","duration":17.02733500000022,"failureMessages":[],"meta":{}},{"ancestorTitles":["PWAInstallOverlay.vue"],"fullName":"PWAInstallOverlay.vue fails safely without an unhandled error when the browser prompt rejects","status":"passed","title":"fails safely without an unhandled error when the browser prompt rejects","duration":18.86353500000041,"failureMessages":[],"meta":{}},{"ancestorTitles":["PWAInstallOverlay.vue"],"fullName":"PWAInstallOverlay.vue keeps prompt gating safe when browser storage is unavailable","status":"passed","title":"keeps prompt gating safe when browser storage is unavailable","duration":19.15997500000003,"failureMessages":[],"meta":{}},{"ancestorTitles":["PWAInstallOverlay.vue"],"fullName":"PWAInstallOverlay.vue never opens when Home is ineligible, offline, or a security layer is active","status":"passed","title":"never opens when Home is ineligible, offline, or a security layer is active","duration":31.102840000000015,"failureMessages":[],"meta":{}},{"ancestorTitles":["PWAInstallOverlay.vue"],"fullName":"PWAInstallOverlay.vue closes immediately when connectivity is lost or a security layer opens","status":"passed","title":"closes immediately when connectivity is lost or a security layer opens","duration":87.38709199999994,"failureMessages":[],"meta":{}}],"startTime":1786299201382,"endTime":1786299201774.3872,"status":"passed","message":"","name":"/tmp/trading-bot-webapp-uiux-redesign-v2/frontend/src/components/PWAInstallOverlay.test.ts"},{"assertionResults":[{"ancestorTitles":["useNotificationRuntime"],"fullName":"useNotificationRuntime bootstraps authenticated runtime, handles first interaction and browser click routing, and cleans up on unmount","status":"passed","title":"bootstraps authenticated runtime, handles first interaction and browser click routing, and cleans up on unmount","duration":74.57637299999988,"failureMessages":[],"meta":{}},{"ancestorTitles":["useNotificationRuntime"],"fullName":"useNotificationRuntime reconciles Web Push without a permission prompt when the authenticated account changes","status":"passed","title":"reconciles Web Push without a permission prompt when the authenticated account changes","duration":9.017467000000124,"failureMessages":[],"meta":{}},{"ancestorTitles":["useNotificationRuntime"],"fullName":"useNotificationRuntime restores the previous safe context after browser-click redirects and failures","status":"passed","title":"restores the previous safe context after browser-click redirects and failures","duration":20.03412500000013,"failureMessages":[],"meta":{}},{"ancestorTitles":["useNotificationRuntime"],"fullName":"useNotificationRuntime fails closed for unsafe, unmatched, and unexpectedly redirected browser-click routes","status":"passed","title":"fails closed for unsafe, unmatched, and unexpectedly redirected browser-click routes","duration":14.968116000000009,"failureMessages":[],"meta":{}},{"ancestorTitles":["useNotificationRuntime"],"fullName":"useNotificationRuntime refetches the bounded notification window on notification-center reconnects but never on chat reconnects","status":"passed","title":"refetches the bounded notification window on notification-center reconnects but never on chat reconnects","duration":9.872593999999935,"failureMessages":[],"meta":{}},{"ancestorTitles":["useNotificationRuntime"],"fullName":"useNotificationRuntime normalizes app notifications into toasts and browser notifications, but suppresses toast rendering in the notification center","status":"passed","title":"normalizes app notifications into toasts and browser notifications, but suppresses toast rendering in the notification center","duration":10.967365999999856,"failureMessages":[],"meta":{}},{"ancestorTitles":["useNotificationRuntime"],"fullName":"useNotificationRuntime routes trade app notifications through payload routes when provided","status":"passed","title":"routes trade app notifications through payload routes when provided","duration":8.068440999999893,"failureMessages":[],"meta":{}},{"ancestorTitles":["useNotificationRuntime"],"fullName":"useNotificationRuntime removes route and backend metadata from app toast and browser notification bodies","status":"passed","title":"removes route and backend metadata from app toast and browser notification bodies","duration":8.91266799999994,"failureMessages":[],"meta":{}},{"ancestorTitles":["useNotificationRuntime"],"fullName":"useNotificationRuntime handles chat notifications for open, direct, muted, and channel conversations correctly","status":"passed","title":"handles chat notifications for open, direct, muted, and channel conversations correctly","duration":12.97204899999997,"failureMessages":[],"meta":{}},{"ancestorTitles":["useNotificationRuntime"],"fullName":"useNotificationRuntime uses group labels, sticker and fallback bodies, and skips bootstrap work without an auth token","status":"passed","title":"uses group labels, sticker and fallback bodies, and skips bootstrap work without an auth token","duration":8.372397000000092,"failureMessages":[],"meta":{}},{"ancestorTitles":["useNotificationRuntime"],"fullName":"useNotificationRuntime preserves relation-aware direct sender labels in chat toasts and browser routes","status":"passed","title":"preserves relation-aware direct sender labels in chat toasts and browser routes","duration":7.2364229999998315,"failureMessages":[],"meta":{}},{"ancestorTitles":["useNotificationRuntime"],"fullName":"useNotificationRuntime batches chat unread and toast writes when batch store APIs are available","status":"passed","title":"batches chat unread and toast writes when batch store APIs are available","duration":7.367557000000033,"failureMessages":[],"meta":{}},{"ancestorTitles":["useNotificationRuntime"],"fullName":"useNotificationRuntime patches conversation previews from chat notifications without requiring list reloads","status":"passed","title":"patches conversation previews from chat notifications without requiring list reloads","duration":7.797751000000062,"failureMessages":[],"meta":{}},{"ancestorTitles":["useNotificationRuntime"],"fullName":"useNotificationRuntime coalesces same-conversation chat bursts into one toast and browser notification per flush","status":"passed","title":"coalesces same-conversation chat bursts into one toast and browser notification per flush","duration":7.031206999999995,"failureMessages":[],"meta":{}}],"startTime":1786299215019,"endTime":1786299215228.0312,"status":"passed","message":"","name":"/tmp/trading-bot-webapp-uiux-redesign-v2/frontend/src/composables/useNotificationRuntime.test.ts"},{"assertionResults":[{"ancestorTitles":["useStorageCacheMetrics.ts"],"fullName":"useStorageCacheMetrics.ts reports a real empty cache as zero","status":"passed","title":"reports a real empty cache as zero","duration":4.752674999999954,"failureMessages":[],"meta":{}},{"ancestorTitles":["useStorageCacheMetrics.ts"],"fullName":"useStorageCacheMetrics.ts sums actual cached Blob bytes and ignores invalid entries","status":"passed","title":"sums actual cached Blob bytes and ignores invalid entries","duration":4.595102999999881,"failureMessages":[],"meta":{}},{"ancestorTitles":["useStorageCacheMetrics.ts"],"fullName":"useStorageCacheMetrics.ts rejects a failed size scan instead of returning zero and does not log raw details","status":"passed","title":"rejects a failed size scan instead of returning zero and does not log raw details","duration":4.357393000000002,"failureMessages":[],"meta":{}},{"ancestorTitles":["useStorageCacheMetrics.ts"],"fullName":"useStorageCacheMetrics.ts clears the persistent file store and sanitizes a provider failure","status":"passed","title":"clears the persistent file store and sanitizes a provider failure","duration":1.569599000000153,"failureMessages":[],"meta":{}}],"startTime":1786299220759,"endTime":1786299220774.5696,"status":"passed","message":"","name":"/tmp/trading-bot-webapp-uiux-redesign-v2/frontend/src/composables/useStorageCacheMetrics.test.ts"},{"assertionResults":[{"ancestorTitles":["router/index.ts"],"fullName":"router/index.ts registers authGuard as the global beforeEach hook","status":"passed","title":"registers authGuard as the global beforeEach hook","duration":235.665573,"failureMessages":[],"meta":{}},{"ancestorTitles":["router/index.ts"],"fullName":"router/index.ts registers heavy non-messenger workspace routes and canonical compatibility redirects","status":"passed","title":"registers heavy non-messenger workspace routes and canonical compatibility redirects","duration":25.02261199999998,"failureMessages":[],"meta":{}},{"ancestorTitles":["router/index.ts"],"fullName":"router/index.ts mirrors the Stage 4 route contract into metadata and keeps eager recovery last","status":"passed","title":"mirrors the Stage 4 route contract into metadata and keeps eager recovery last","duration":24.11083500000018,"failureMessages":[],"meta":{}},{"ancestorTitles":["router/index.ts"],"fullName":"router/index.ts performs one bounded path-only hard reload and keeps its shared marker through boot","status":"passed","title":"performs one bounded path-only hard reload and keeps its shared marker through boot","duration":26.927589000000125,"failureMessages":[],"meta":{}},{"ancestorTitles":["router/index.ts"],"fullName":"router/index.ts routes a repeated chunk failure to the eager deep-link recovery outcome","status":"passed","title":"routes a repeated chunk failure to the eager deep-link recovery outcome","duration":21.586011999999982,"failureMessages":[],"meta":{}},{"ancestorTitles":["router/index.ts"],"fullName":"router/index.ts ignores ordinary router errors without reloading or opening recovery","status":"passed","title":"ignores ordinary router errors without reloading or opening recovery","duration":15.563374000000067,"failureMessages":[],"meta":{}},{"ancestorTitles":["router/index.ts"],"fullName":"router/index.ts never writes secret-bearing full paths to marker keys or router logs","status":"passed","title":"never writes secret-bearing full paths to marker keys or router logs","duration":16.34505100000024,"failureMessages":[],"meta":{}},{"ancestorTitles":["router/index.ts"],"fullName":"router/index.ts uses replacement navigation when router recovery itself cannot open","status":"passed","title":"uses replacement navigation when router recovery itself cannot open","duration":19.415604999999687,"failureMessages":[],"meta":{}},{"ancestorTitles":["router/index.ts"],"fullName":"router/index.ts fails closed to eager recovery when the failed target has no safe path","status":"passed","title":"fails closed to eager recovery when the failed target has no safe path","duration":15.513291000000208,"failureMessages":[],"meta":{}}],"startTime":1786299191884,"endTime":1786299192285.5132,"status":"passed","message":"","name":"/tmp/trading-bot-webapp-uiux-redesign-v2/frontend/src/router/index.test.ts"},{"assertionResults":[{"ancestorTitles":["UI route contract"],"fullName":"UI route contract covers the exact 30 production routes with the recovery catch-all last","status":"passed","title":"covers the exact 30 production routes with the recovery catch-all last","duration":11.07566399999996,"failureMessages":[],"meta":{}},{"ancestorTitles":["UI route contract"],"fullName":"UI route contract gives every route a stable unique path, name, and test id","status":"passed","title":"gives every route a stable unique path, name, and test id","duration":2.7726840000000266,"failureMessages":[],"meta":{}},{"ancestorTitles":["UI route contract"],"fullName":"UI route contract locks the four completely protected routes","status":"passed","title":"locks the four completely protected routes","duration":0.7128139999999803,"failureMessages":[],"meta":{}},{"ancestorTitles":["UI route contract"],"fullName":"UI route contract locks protected interiors on the three mixed routes","status":"passed","title":"locks protected interiors on the three mixed routes","duration":0.8994350000000395,"failureMessages":[],"meta":{}},{"ancestorTitles":["UI route contract"],"fullName":"UI route contract locks Stage 4 activation to 10 route, 16 section, and 4 off routes","status":"passed","title":"locks Stage 4 activation to 10 route, 16 section, and 4 off routes","duration":1.4020750000001954,"failureMessages":[],"meta":{}},{"ancestorTitles":["UI route contract"],"fullName":"UI route contract locks the five shell families and their exact route counts","status":"passed","title":"locks the five shell families and their exact route counts","duration":1.134902000000011,"failureMessages":[],"meta":{}},{"ancestorTitles":["UI route contract"],"fullName":"UI route contract keeps the machine-readable scope manifest in exact parity","status":"passed","title":"keeps the machine-readable scope manifest in exact parity","duration":2.6423110000000634,"failureMessages":[],"meta":{}}],"startTime":1786299227637,"endTime":1786299227657.6423,"status":"passed","message":"","name":"/tmp/trading-bot-webapp-uiux-redesign-v2/frontend/src/router/uiRouteContract.test.ts"},{"assertionResults":[{"ancestorTitles":["telegramLink service"],"fullName":"telegramLink service requests Telegram link tokens without global network retry","status":"passed","title":"requests Telegram link tokens without global network retry","duration":9.088827999999921,"failureMessages":[],"meta":{}},{"ancestorTitles":["telegramLink service"],"fullName":"telegramLink service turns transport failures into a user-facing Telegram link error","status":"passed","title":"turns transport failures into a user-facing Telegram link error","duration":3.339047000000164,"failureMessages":[],"meta":{}},{"ancestorTitles":["telegramLink service"],"fullName":"telegramLink service does not expose hostile backend details or accept malformed success receipts","status":"passed","title":"does not expose hostile backend details or accept malformed success receipts","duration":1.5474300000000767,"failureMessages":[],"meta":{}},{"ancestorTitles":["telegramLink service"],"fullName":"telegramLink service opens only canonical HTTPS t.me bot-start links","status":"passed","title":"opens only canonical HTTPS t.me bot-start links","duration":4.0758220000000165,"failureMessages":[],"meta":{}},{"ancestorTitles":["telegramLink service"],"fullName":"telegramLink service rejects a hostile Telegram destination: javascript:alert(1)","status":"passed","title":"rejects a hostile Telegram destination: javascript:alert(1)","duration":1.1611359999999422,"failureMessages":[],"meta":{}},{"ancestorTitles":["telegramLink service"],"fullName":"telegramLink service rejects a hostile Telegram destination: http://t.me/example_bot?start=link_token","status":"passed","title":"rejects a hostile Telegram destination: http://t.me/example_bot?start=link_token","duration":1.4012190000000828,"failureMessages":[],"meta":{}},{"ancestorTitles":["telegramLink service"],"fullName":"telegramLink service rejects a hostile Telegram destination: https://telegram.me/example_bot?start=link_token","status":"passed","title":"rejects a hostile Telegram destination: https://telegram.me/example_bot?start=link_token","duration":1.4943789999999808,"failureMessages":[],"meta":{}},{"ancestorTitles":["telegramLink service"],"fullName":"telegramLink service rejects a hostile Telegram destination: https://t.me.evil.example/example_bot?start=link_token","status":"passed","title":"rejects a hostile Telegram destination: https://t.me.evil.example/example_bot?start=link_token","duration":1.1944690000000264,"failureMessages":[],"meta":{}},{"ancestorTitles":["telegramLink service"],"fullName":"telegramLink service rejects a hostile Telegram destination: https://user:password@t.me/example_bot?start=link_token","status":"passed","title":"rejects a hostile Telegram destination: https://user:password@t.me/example_bot?start=link_token","duration":1.41026799999986,"failureMessages":[],"meta":{}},{"ancestorTitles":["telegramLink service"],"fullName":"telegramLink service rejects a hostile Telegram destination: https://t.me/example_bot/extra?start=link_token","status":"passed","title":"rejects a hostile Telegram destination: https://t.me/example_bot/extra?start=link_token","duration":1.3325039999999717,"failureMessages":[],"meta":{}},{"ancestorTitles":["telegramLink service"],"fullName":"telegramLink service rejects a hostile Telegram destination: https://t.me/example_bot?start=link_token#fragment","status":"passed","title":"rejects a hostile Telegram destination: https://t.me/example_bot?start=link_token#fragment","duration":1.0718460000000505,"failureMessages":[],"meta":{}},{"ancestorTitles":["telegramLink service"],"fullName":"telegramLink service rejects a hostile Telegram destination: https://t.me/example_bot?start=link_token&next=https://evil.example","status":"passed","title":"rejects a hostile Telegram destination: https://t.me/example_bot?start=link_token&next=https://evil.example","duration":1.4042839999999615,"failureMessages":[],"meta":{}},{"ancestorTitles":["telegramLink service"],"fullName":"telegramLink service rejects a hostile Telegram destination: https://t.me/example_bot?start=one&start=two","status":"passed","title":"rejects a hostile Telegram destination: https://t.me/example_bot?start=one&start=two","duration":1.3265489999998863,"failureMessages":[],"meta":{}},{"ancestorTitles":["telegramLink service"],"fullName":"telegramLink service rejects a hostile Telegram destination: https://t.me/example_bot?start=link_token&","status":"passed","title":"rejects a hostile Telegram destination: https://t.me/example_bot?start=link_token&","duration":1.6934810000000198,"failureMessages":[],"meta":{}},{"ancestorTitles":["telegramLink service"],"fullName":"telegramLink service rejects a hostile Telegram destination: https://t.me/example_bot?mode=start","status":"passed","title":"rejects a hostile Telegram destination: https://t.me/example_bot?mode=start","duration":1.0416960000000017,"failureMessages":[],"meta":{}},{"ancestorTitles":["telegramLink service"],"fullName":"telegramLink service opens account links only when URL, bot and link purpose match the receipt","status":"passed","title":"opens account links only when URL, bot and link purpose match the receipt","duration":4.6324520000000575,"failureMessages":[],"meta":{}}],"startTime":1786299225891,"endTime":1786299225928.6326,"status":"passed","message":"","name":"/tmp/trading-bot-webapp-uiux-redesign-v2/frontend/src/services/telegramLink.test.ts"},{"assertionResults":[{"ancestorTitles":["webPush service"],"fullName":"webPush service does not request browser permission when the server reports Web Push disabled","status":"passed","title":"does not request browser permission when the server reports Web Push disabled","duration":20.09789599999999,"failureMessages":[],"meta":{}},{"ancestorTitles":["webPush service"],"fullName":"webPush service fetches server config before requesting permission when Web Push is enabled","status":"passed","title":"fetches server config before requesting permission when Web Push is enabled","duration":9.077017000000069,"failureMessages":[],"meta":{}},{"ancestorTitles":["webPush service"],"fullName":"webPush service authoritatively rebinds an existing browser subscription for each authenticated account","status":"passed","title":"authoritatively rebinds an existing browser subscription for each authenticated account","duration":12.58889299999987,"failureMessages":[],"meta":{}},{"ancestorTitles":["webPush service"],"fullName":"webPush service deduplicates concurrent status reconciliation and allows a fresh check after settle","status":"passed","title":"deduplicates concurrent status reconciliation and allows a fresh check after settle","duration":7.70608900000002,"failureMessages":[],"meta":{}},{"ancestorTitles":["webPush service"],"fullName":"webPush service queues a new account behind an in-flight rebind without reopening the stale session","status":"passed","title":"queues a new account behind an in-flight rebind without reopening the stale session","duration":58.666169999999966,"failureMessages":[],"meta":{}},{"ancestorTitles":["webPush service"],"fullName":"webPush service closes delivery and removes the old local subscription when account rebind fails","status":"passed","title":"closes delivery and removes the old local subscription when account rebind fails","duration":5.460632999999916,"failureMessages":[],"meta":{}},{"ancestorTitles":["webPush service"],"fullName":"webPush service bounds a Service Worker ready promise that never resolves","status":"passed","title":"bounds a Service Worker ready promise that never resolves","duration":8.807438999999931,"failureMessages":[],"meta":{}},{"ancestorTitles":["webPush service"],"fullName":"webPush service does not create a replacement when the original subscription refuses to unsubscribe","status":"passed","title":"does not create a replacement when the original subscription refuses to unsubscribe","duration":4.953584000000092,"failureMessages":[],"meta":{}},{"ancestorTitles":["webPush service"],"fullName":"webPush service does not report success when a failed replacement remains locally subscribed","status":"passed","title":"does not report success when a failed replacement remains locally subscribed","duration":7.4163240000000314,"failureMessages":[],"meta":{}},{"ancestorTitles":["webPush service"],"fullName":"webPush service does not complete disablement when the local subscription remains active","status":"passed","title":"does not complete disablement when the local subscription remains active","duration":3.8835129999999936,"failureMessages":[],"meta":{}},{"ancestorTitles":["webPush service"],"fullName":"webPush service rolls back both local subscriptions when server registration fails twice","status":"passed","title":"rolls back both local subscriptions when server registration fails twice","duration":4.590109999999868,"failureMessages":[],"meta":{}}],"startTime":1786299217138,"endTime":1786299217282.59,"status":"passed","message":"","name":"/tmp/trading-bot-webapp-uiux-redesign-v2/frontend/src/services/webPush.test.ts"},{"assertionResults":[{"ancestorTitles":["notification store"],"fullName":"notification store fetchHistory preserves realtime notifications that arrive during the request","status":"passed","title":"fetchHistory preserves realtime notifications that arrive during the request","duration":42.265910000000076,"failureMessages":[],"meta":{}},{"ancestorTitles":["notification store"],"fullName":"notification store distinguishes a confirmed empty history from network and server failures","status":"passed","title":"distinguishes a confirmed empty history from network and server failures","duration":11.139541000000008,"failureMessages":[],"meta":{}},{"ancestorTitles":["notification store"],"fullName":"notification store keeps retained rows visible and exposes refreshing/error state when a refresh fails","status":"passed","title":"keeps retained rows visible and exposes refreshing/error state when a refresh fails","duration":6.262829000000011,"failureMessages":[],"meta":{}},{"ancestorTitles":["notification store"],"fullName":"notification store dedupes history ids while preserving a same-id realtime update that arrives during refresh","status":"passed","title":"dedupes history ids while preserving a same-id realtime update that arrives during refresh","duration":5.480223000000024,"failureMessages":[],"meta":{}},{"ancestorTitles":["notification store"],"fullName":"notification store does not mark all read when history fails and leaves realtime arrivals unread during mark-all","status":"passed","title":"does not mark all read when history fails and leaves realtime arrivals unread during mark-all","duration":66.58999199999994,"failureMessages":[],"meta":{}},{"ancestorTitles":["notification store"],"fullName":"notification store leaves realtime arrivals unread when they arrive while center history is pending","status":"passed","title":"leaves realtime arrivals unread when they arrive while center history is pending","duration":3.8181100000001607,"failureMessages":[],"meta":{}},{"ancestorTitles":["notification store"],"fullName":"notification store reconciles only server-confirmed snapshot ids when one read mutation fails","status":"passed","title":"reconciles only server-confirmed snapshot ids when one read mutation fails","duration":4.204788000000008,"failureMessages":[],"meta":{}},{"ancestorTitles":["notification store"],"fullName":"notification store preserves route metadata from a realtime notification when matching history arrives later","status":"passed","title":"preserves route metadata from a realtime notification when matching history arrives later","duration":2.560114999999996,"failureMessages":[],"meta":{}},{"ancestorTitles":["notification store"],"fullName":"notification store clearAllNotifications restores prior notifications while keeping concurrent realtime items on failure","status":"passed","title":"clearAllNotifications restores prior notifications while keeping concurrent realtime items on failure","duration":4.690540000000055,"failureMessages":[],"meta":{}},{"ancestorTitles":["notification store"],"fullName":"notification store deleteNotification restores the removed notification in order when the API call fails","status":"passed","title":"deleteNotification restores the removed notification in order when the API call fails","duration":3.3598830000000817,"failureMessages":[],"meta":{}},{"ancestorTitles":["notification store"],"fullName":"notification store addToast plays a sound and auto-removes the toast after the lifetime","status":"passed","title":"addToast plays a sound and auto-removes the toast after the lifetime","duration":8.100406999999905,"failureMessages":[],"meta":{}},{"ancestorTitles":["notification store"],"fullName":"notification store batch unread, notification, and toast helpers coalesce duplicate work","status":"passed","title":"batch unread, notification, and toast helpers coalesce duplicate work","duration":5.5930800000001,"failureMessages":[],"meta":{}},{"ancestorTitles":["notification store"],"fullName":"notification store normalizes a missing realtime id exactly once for revision and row identity","status":"passed","title":"normalizes a missing realtime id exactly once for revision and row identity","duration":2.393489000000045,"failureMessages":[],"meta":{}},{"ancestorTitles":["notification store"],"fullName":"notification store normalizes a missing history id once before preserving row identity","status":"passed","title":"normalizes a missing history id once before preserving row identity","duration":3.748721999999816,"failureMessages":[],"meta":{}},{"ancestorTitles":["notification store"],"fullName":"notification store tracks unique unread conversations and clears them for direct chats and rooms","status":"passed","title":"tracks unique unread conversations and clears them for direct chats and rooms","duration":2.8472740000001977,"failureMessages":[],"meta":{}},{"ancestorTitles":["notification store"],"fullName":"notification store syncs and mutates muted conversation ids from poll/list state","status":"passed","title":"syncs and mutates muted conversation ids from poll/list state","duration":2.8246070000000145,"failureMessages":[],"meta":{}},{"ancestorTitles":["notification store"],"fullName":"notification store fetchInitialCounts syncs both unread and muted conversation ids from poll","status":"passed","title":"fetchInitialCounts syncs both unread and muted conversation ids from poll","duration":3.3253710000003593,"failureMessages":[],"meta":{}},{"ancestorTitles":["notification store"],"fullName":"notification store covers unread fallback counts, invalid increments, toast removal, and duplicate notification replacement","status":"passed","title":"covers unread fallback counts, invalid increments, toast removal, and duplicate notification replacement","duration":44.34453600000006,"failureMessages":[],"meta":{}},{"ancestorTitles":["notification store"],"fullName":"notification store handles notification read/center mutations and restores optimistic state on failures","status":"passed","title":"handles notification read/center mutations and restores optimistic state on failures","duration":7.88733000000002,"failureMessages":[],"meta":{}},{"ancestorTitles":["notification store"],"fullName":"notification store restores deleted notifications at previous relative positions and ignores already-restored ids","status":"passed","title":"restores deleted notifications at previous relative positions and ignores already-restored ids","duration":4.268101000000115,"failureMessages":[],"meta":{}},{"ancestorTitles":["notification store"],"fullName":"notification store handles initial-count and history API failures without mutating existing state","status":"passed","title":"handles initial-count and history API failures without mutating existing state","duration":3.489110999999866,"failureMessages":[],"meta":{}},{"ancestorTitles":["notification store"],"fullName":"notification store covers mark-all-read and non-ok delete flows without losing optimistic state permanently","status":"passed","title":"covers mark-all-read and non-ok delete flows without losing optimistic state permanently","duration":3.304627000000437,"failureMessages":[],"meta":{}},{"ancestorTitles":["notification store"],"fullName":"notification store restores deleted notifications after unrelated concurrent updates when no original neighbors remain","status":"passed","title":"restores deleted notifications after unrelated concurrent updates when no original neighbors remain","duration":2.4517860000000837,"failureMessages":[],"meta":{}}],"startTime":1786299208082,"endTime":1786299208328.452,"status":"passed","message":"","name":"/tmp/trading-bot-webapp-uiux-redesign-v2/frontend/src/stores/notifications.test.ts"},{"assertionResults":[{"ancestorTitles":["Design System V2 CSS contract"],"fullName":"Design System V2 CSS contract contains the exact 65 canonical Figma variables","status":"passed","title":"contains the exact 65 canonical Figma variables","duration":7.5443659999998545,"failureMessages":[],"meta":{}},{"ancestorTitles":["Design System V2 CSS contract"],"fullName":"Design System V2 CSS contract keeps canonical aliases in the V2 namespace and defines official roles","status":"passed","title":"keeps canonical aliases in the V2 namespace and defines official roles","duration":2.017763000000059,"failureMessages":[],"meta":{}},{"ancestorTitles":["Design System V2 CSS contract"],"fullName":"Design System V2 CSS contract has no root, document, body, or universal selectors","status":"passed","title":"has no root, document, body, or universal selectors","duration":55.856562999999824,"failureMessages":[],"meta":{}},{"ancestorTitles":["Design System V2 CSS contract"],"fullName":"Design System V2 CSS contract only activates selectors below an explicit root or portal scope","status":"passed","title":"only activates selectors below an explicit root or portal scope","duration":43.719794999999976,"failureMessages":[],"meta":{}},{"ancestorTitles":["Design System V2 CSS contract"],"fullName":"Design System V2 CSS contract uses the approved motion durations and collapses them for reduced motion","status":"passed","title":"uses the approved motion durations and collapses them for reduced motion","duration":1.1433170000000246,"failureMessages":[],"meta":{}},{"ancestorTitles":["Design System V2 CSS contract"],"fullName":"Design System V2 CSS contract keeps Stage 3 route, toast, and security-layer motion on the reduced-motion tokens","status":"passed","title":"keeps Stage 3 route, toast, and security-layer motion on the reduced-motion tokens","duration":26.848627999999962,"failureMessages":[],"meta":{}},{"ancestorTitles":["Design System V2 CSS contract"],"fullName":"Design System V2 CSS contract raises V2 bottom-navigation labels and controls to canonical legibility targets","status":"passed","title":"raises V2 bottom-navigation labels and controls to canonical legibility targets","duration":36.729339999999866,"failureMessages":[],"meta":{}},{"ancestorTitles":["Design System V2 CSS contract"],"fullName":"Design System V2 CSS contract keeps PWA completion actions on the canonical 48-pixel CTA target","status":"passed","title":"keeps PWA completion actions on the canonical 48-pixel CTA target","duration":29.751428000000033,"failureMessages":[],"meta":{}},{"ancestorTitles":["Design System V2 CSS contract"],"fullName":"Design System V2 CSS contract removes the empty Home PWA wrapper from flex layout flow","status":"passed","title":"removes the empty Home PWA wrapper from flex layout flow","duration":15.59095400000001,"failureMessages":[],"meta":{}},{"ancestorTitles":["Design System V2 CSS contract"],"fullName":"Design System V2 CSS contract keeps the V2 security, connection, toast, and navigation layers in contract order","status":"passed","title":"keeps the V2 security, connection, toast, and navigation layers in contract order","duration":16.271416000000045,"failureMessages":[],"meta":{}},{"ancestorTitles":["Design System V2 CSS contract"],"fullName":"Design System V2 CSS contract overrides legacy white header content with readable V2 session tokens","status":"passed","title":"overrides legacy white header content with readable V2 session tokens","duration":16.52843699999994,"failureMessages":[],"meta":{}},{"ancestorTitles":["Design System V2 CSS contract"],"fullName":"Design System V2 CSS contract wins the legacy focus cascade with an explicit three-pixel V2 ring","status":"passed","title":"wins the legacy focus cascade with an explicit three-pixel V2 ring","duration":22.594466999999895,"failureMessages":[],"meta":{}}],"startTime":1786299210151,"endTime":1786299210427.5945,"status":"passed","message":"","name":"/tmp/trading-bot-webapp-uiux-redesign-v2/frontend/src/styles/designSystemV2.test.ts"},{"assertionResults":[{"ancestorTitles":["notification type helpers"],"fullName":"notification type helpers normalizes ids, categories, and levels defensively","status":"passed","title":"normalizes ids, categories, and levels defensively","duration":4.498628999999937,"failureMessages":[],"meta":{}},{"ancestorTitles":["notification type helpers"],"fullName":"notification type helpers fills in notification payload defaults from message/category data","status":"passed","title":"fills in notification payload defaults from message/category data","duration":2.081079000000045,"failureMessages":[],"meta":{}},{"ancestorTitles":["notification type helpers"],"fullName":"notification type helpers normalizes persisted extra_payload metadata into the same shape as realtime payloads","status":"passed","title":"normalizes persisted extra_payload metadata into the same shape as realtime payloads","duration":0.9308730000000196,"failureMessages":[],"meta":{}},{"ancestorTitles":["notification type helpers"],"fullName":"notification type helpers removes route and backend metadata from every normalized display body","status":"passed","title":"removes route and backend metadata from every normalized display body","duration":1.975398000000041,"failureMessages":[],"meta":{}},{"ancestorTitles":["notification type helpers"],"fullName":"notification type helpers removes metadata separated by every JSON line-break form","status":"passed","title":"removes metadata separated by every JSON line-break form","duration":0.727245000000039,"failureMessages":[],"meta":{}},{"ancestorTitles":["notification type helpers"],"fullName":"notification type helpers replaces hostile metadata titles with the category fallback","status":"passed","title":"replaces hostile metadata titles with the category fallback","duration":2.351957999999968,"failureMessages":[],"meta":{}},{"ancestorTitles":["notification type helpers"],"fullName":"notification type helpers creates toast ids and resolves display kinds for chat, system, and level-driven items","status":"passed","title":"creates toast ids and resolves display kinds for chat, system, and level-driven items","duration":1.1552590000001146,"failureMessages":[],"meta":{}},{"ancestorTitles":["notification type helpers"],"fullName":"notification type helpers preserves explicit payload text and supports user titles plus chat-kind toasts","status":"passed","title":"preserves explicit payload text and supports user titles plus chat-kind toasts","duration":0.8668339999999262,"failureMessages":[],"meta":{}},{"ancestorTitles":["notification type helpers"],"fullName":"notification type helpers falls back for unknown title categories and non-string notification ids","status":"passed","title":"falls back for unknown title categories and non-string notification ids","duration":0.6245089999999891,"failureMessages":[],"meta":{}}],"startTime":1786299229429,"endTime":1786299229444.6245,"status":"passed","message":"","name":"/tmp/trading-bot-webapp-uiux-redesign-v2/frontend/src/types/notifications.test.ts"},{"assertionResults":[{"ancestorTitles":["AccountHubView.vue"],"fullName":"AccountHubView.vue renders account sections and routes normal users to profile, sessions, storage and notifications","status":"passed","title":"renders account sections and routes normal users to profile, sessions, storage and notifications","duration":120.48729699999967,"failureMessages":[],"meta":{}},{"ancestorTitles":["AccountHubView.vue"],"fullName":"AccountHubView.vue marks an authoritative cached account as stale while the initial refresh is pending","status":"passed","title":"marks an authoritative cached account as stale while the initial refresh is pending","duration":37.60739899999999,"failureMessages":[],"meta":{}},{"ancestorTitles":["AccountHubView.vue"],"fullName":"AccountHubView.vue gives accountants exactly profile, storage and notification destinations without session or logout actions","status":"passed","title":"gives accountants exactly profile, storage and notification destinations without session or logout actions","duration":27.541455999999926,"failureMessages":[],"meta":{}},{"ancestorTitles":["AccountHubView.vue"],"fullName":"AccountHubView.vue keeps account guidance removed without reviving the old accordion or summary-card layout","status":"passed","title":"keeps account guidance removed without reviving the old accordion or summary-card layout","duration":28.606255000000147,"failureMessages":[],"meta":{}},{"ancestorTitles":["AccountHubView.vue"],"fullName":"AccountHubView.vue shows inactive account status in the compact header","status":"passed","title":"shows inactive account status in the compact header","duration":32.396306000000095,"failureMessages":[],"meta":{}},{"ancestorTitles":["AccountHubView.vue"],"fullName":"AccountHubView.vue shows a restriction marker without turning normal active state into a positive badge","status":"passed","title":"shows a restriction marker without turning normal active state into a positive badge","duration":37.54455400000006,"failureMessages":[],"meta":{}},{"ancestorTitles":["AccountHubView.vue"],"fullName":"AccountHubView.vue adds Telegram connection to profile settings and disables it after linking","status":"passed","title":"adds Telegram connection to profile settings and disables it after linking","duration":92.2348219999999,"failureMessages":[],"meta":{}},{"ancestorTitles":["AccountHubView.vue"],"fullName":"AccountHubView.vue keeps hostile Telegram receipt metadata out of the account surface","status":"passed","title":"keeps hostile Telegram receipt metadata out of the account surface","duration":43.830753000000186,"failureMessages":[],"meta":{}},{"ancestorTitles":["AccountHubView.vue"],"fullName":"AccountHubView.vue does not invent identity or active status when the account request fails","status":"passed","title":"does not invent identity or active status when the account request fails","duration":13.865641000000323,"failureMessages":[],"meta":{}},{"ancestorTitles":["AccountHubView.vue"],"fullName":"AccountHubView.vue renders no account or session destinations for a role-only cached identity","status":"passed","title":"renders no account or session destinations for a role-only cached identity","duration":11.059585999999854,"failureMessages":[],"meta":{}},{"ancestorTitles":["AccountHubView.vue"],"fullName":"AccountHubView.vue keeps authoritative cached account actions with a stale marker and no active badge","status":"passed","title":"keeps authoritative cached account actions with a stale marker and no active badge","duration":40.929141999999956,"failureMessages":[],"meta":{}}],"startTime":1786299186730,"endTime":1786299187216.9292,"status":"passed","message":"","name":"/tmp/trading-bot-webapp-uiux-redesign-v2/frontend/src/views/AccountHubView.test.ts"},{"assertionResults":[{"ancestorTitles":["AccountantWorkspaceView.vue"],"fullName":"AccountantWorkspaceView.vue renders the route-native accountant workspace without mounting the compatibility manager by default","status":"passed","title":"renders the route-native accountant workspace without mounting the compatibility manager by default","duration":247.74216800000022,"failureMessages":[],"meta":{}},{"ancestorTitles":["AccountantWorkspaceView.vue"],"fullName":"AccountantWorkspaceView.vue opens the route-native create dialog instead of the compatibility manager","status":"passed","title":"opens the route-native create dialog instead of the compatibility manager","duration":179.50783200000023,"failureMessages":[],"meta":{}},{"ancestorTitles":["AccountantWorkspaceView.vue"],"fullName":"AccountantWorkspaceView.vue creates invitations with truthful SMS feedback and copies pending Web links","status":"passed","title":"creates invitations with truthful SMS feedback and copies pending Web links","duration":131.1176660000001,"failureMessages":[],"meta":{}},{"ancestorTitles":["AccountantWorkspaceView.vue"],"fullName":"AccountantWorkspaceView.vue routes relation selection, detail navigation, list back, and operations actions explicitly","status":"passed","title":"routes relation selection, detail navigation, list back, and operations actions explicitly","duration":113.77776399999993,"failureMessages":[],"meta":{}},{"ancestorTitles":["AccountantWorkspaceView.vue"],"fullName":"AccountantWorkspaceView.vue returns to the operations index from the accountant list route","status":"passed","title":"returns to the operations index from the accountant list route","duration":74.67209399999956,"failureMessages":[],"meta":{}},{"ancestorTitles":["AccountantWorkspaceView.vue"],"fullName":"AccountantWorkspaceView.vue loads route-native accountant sessions for the detail sessions tab","status":"passed","title":"loads route-native accountant sessions for the detail sessions tab","duration":79.29018099999985,"failureMessages":[],"meta":{}},{"ancestorTitles":["AccountantWorkspaceView.vue"],"fullName":"AccountantWorkspaceView.vue saves duty through the route-native detail form","status":"passed","title":"saves duty through the route-native detail form","duration":122.58201899999995,"failureMessages":[],"meta":{}},{"ancestorTitles":["AccountantWorkspaceView.vue"],"fullName":"AccountantWorkspaceView.vue keeps a failed direct-detail load distinct from not-found and retries beside the failure","status":"passed","title":"keeps a failed direct-detail load distinct from not-found and retries beside the failure","duration":101.77351899999985,"failureMessages":[],"meta":{}},{"ancestorTitles":["AccountantWorkspaceView.vue"],"fullName":"AccountantWorkspaceView.vue retains accountant list, selection, search, filter, and duty draft across refresh failure and retry","status":"passed","title":"retains accountant list, selection, search, filter, and duty draft across refresh failure and retry","duration":160.10466299999962,"failureMessages":[],"meta":{}},{"ancestorTitles":["AccountantWorkspaceView.vue"],"fullName":"AccountantWorkspaceView.vue keeps relation confirmation errors in-dialog and removes only the relation named by the expected receipt","status":"passed","title":"keeps relation confirmation errors in-dialog and removes only the relation named by the expected receipt","duration":98.27432500000032,"failureMessages":[],"meta":{}}],"startTime":1786299170179,"endTime":1786299171490.2744,"status":"passed","message":"","name":"/tmp/trading-bot-webapp-uiux-redesign-v2/frontend/src/views/AccountantWorkspaceView.test.ts"},{"assertionResults":[{"ancestorTitles":["CustomerWorkspaceView.vue"],"fullName":"CustomerWorkspaceView.vue renders the route-native customer workspace without mounting the compatibility manager by default","status":"passed","title":"renders the route-native customer workspace without mounting the compatibility manager by default","duration":212.15395399999989,"failureMessages":[],"meta":{}},{"ancestorTitles":["CustomerWorkspaceView.vue"],"fullName":"CustomerWorkspaceView.vue opens the route-native create dialog instead of the compatibility manager","status":"passed","title":"opens the route-native create dialog instead of the compatibility manager","duration":188.2553579999999,"failureMessages":[],"meta":{}},{"ancestorTitles":["CustomerWorkspaceView.vue"],"fullName":"CustomerWorkspaceView.vue creates customer invitations and copies both pending registration surfaces","status":"passed","title":"creates customer invitations and copies both pending registration surfaces","duration":134.5262520000001,"failureMessages":[],"meta":{}},{"ancestorTitles":["CustomerWorkspaceView.vue"],"fullName":"CustomerWorkspaceView.vue uses both rendered copy controls for a dual-surface pending invitation","status":"passed","title":"uses both rendered copy controls for a dual-surface pending invitation","duration":88.07392200000004,"failureMessages":[],"meta":{}},{"ancestorTitles":["CustomerWorkspaceView.vue"],"fullName":"CustomerWorkspaceView.vue routes relation selection, detail navigation, list back, and operations actions explicitly","status":"passed","title":"routes relation selection, detail navigation, list back, and operations actions explicitly","duration":139.61735799999997,"failureMessages":[],"meta":{}},{"ancestorTitles":["CustomerWorkspaceView.vue"],"fullName":"CustomerWorkspaceView.vue returns to the operations index from the customer list route","status":"passed","title":"returns to the operations index from the customer list route","duration":70.56793799999969,"failureMessages":[],"meta":{}},{"ancestorTitles":["CustomerWorkspaceView.vue"],"fullName":"CustomerWorkspaceView.vue loads route-native customer stats for the detail stats tab","status":"passed","title":"loads route-native customer stats for the detail stats tab","duration":111.8205280000002,"failureMessages":[],"meta":{}},{"ancestorTitles":["CustomerWorkspaceView.vue"],"fullName":"CustomerWorkspaceView.vue shows settlement type in the route-native customer trade history","status":"passed","title":"shows settlement type in the route-native customer trade history","duration":104.18219700000009,"failureMessages":[],"meta":{}},{"ancestorTitles":["CustomerWorkspaceView.vue"],"fullName":"CustomerWorkspaceView.vue saves customer limits through the route-native detail form","status":"passed","title":"saves customer limits through the route-native detail form","duration":108.89758799999981,"failureMessages":[],"meta":{}},{"ancestorTitles":["CustomerWorkspaceView.vue"],"fullName":"CustomerWorkspaceView.vue keeps a failed direct-detail load distinct from not-found and retries beside the failure","status":"passed","title":"keeps a failed direct-detail load distinct from not-found and retries beside the failure","duration":88.49301699999978,"failureMessages":[],"meta":{}},{"ancestorTitles":["CustomerWorkspaceView.vue"],"fullName":"CustomerWorkspaceView.vue retains the customer list, selected detail, search, filter, and unsaved draft across refresh failure and retry","status":"passed","title":"retains the customer list, selected detail, search, filter, and unsaved draft across refresh failure and retry","duration":144.6067109999999,"failureMessages":[],"meta":{}},{"ancestorTitles":["CustomerWorkspaceView.vue"],"fullName":"CustomerWorkspaceView.vue keeps a sensitive session confirmation in context, suppresses duplicates, and closes only for the expected receipt","status":"passed","title":"keeps a sensitive session confirmation in context, suppresses duplicates, and closes only for the expected receipt","duration":104.49884999999995,"failureMessages":[],"meta":{}}],"startTime":1786299162262,"endTime":1786299163759.4988,"status":"passed","message":"","name":"/tmp/trading-bot-webapp-uiux-redesign-v2/frontend/src/views/CustomerWorkspaceView.test.ts"},{"assertionResults":[{"ancestorTitles":["DashboardView.vue Stage 4 Home contract"],"fullName":"DashboardView.vue Stage 4 Home contract leaves loading for a cause-neutral identity error and retries the only Home request","status":"passed","title":"leaves loading for a cause-neutral identity error and retries the only Home request","duration":132.35312199999998,"failureMessages":[],"meta":{}},{"ancestorTitles":["DashboardView.vue Stage 4 Home contract"],"fullName":"DashboardView.vue Stage 4 Home contract retains cached identity offline, shows freshness, removes retry, and suppresses PWA","status":"passed","title":"retains cached identity offline, shows freshness, removes retry, and suppresses PWA","duration":80.32378599999993,"failureMessages":[],"meta":{}},{"ancestorTitles":["DashboardView.vue Stage 4 Home contract"],"fullName":"DashboardView.vue Stage 4 Home contract keeps cached Home visible while stale and retries without returning to loading","status":"passed","title":"keeps cached Home visible while stale and retries without returning to loading","duration":31.809584000000086,"failureMessages":[],"meta":{}},{"ancestorTitles":["DashboardView.vue Stage 4 Home contract"],"fullName":"DashboardView.vue Stage 4 Home contract rejects empty object before enabling Home or PWA","status":"passed","title":"rejects empty object before enabling Home or PWA","duration":20.486809999999878,"failureMessages":[],"meta":{}},{"ancestorTitles":["DashboardView.vue Stage 4 Home contract"],"fullName":"DashboardView.vue Stage 4 Home contract rejects array payload before enabling Home or PWA","status":"passed","title":"rejects array payload before enabling Home or PWA","duration":10.775736000000052,"failureMessages":[],"meta":{}},{"ancestorTitles":["DashboardView.vue Stage 4 Home contract"],"fullName":"DashboardView.vue Stage 4 Home contract rejects missing account status before enabling Home or PWA","status":"passed","title":"rejects missing account status before enabling Home or PWA","duration":10.03710000000001,"failureMessages":[],"meta":{}},{"ancestorTitles":["DashboardView.vue Stage 4 Home contract"],"fullName":"DashboardView.vue Stage 4 Home contract rejects unknown account status before enabling Home or PWA","status":"passed","title":"rejects unknown account status before enabling Home or PWA","duration":10.256644999999935,"failureMessages":[],"meta":{}},{"ancestorTitles":["DashboardView.vue Stage 4 Home contract"],"fullName":"DashboardView.vue Stage 4 Home contract rejects missing accountant truth before enabling Home or PWA","status":"passed","title":"rejects missing accountant truth before enabling Home or PWA","duration":10.480375000000095,"failureMessages":[],"meta":{}},{"ancestorTitles":["DashboardView.vue Stage 4 Home contract"],"fullName":"DashboardView.vue Stage 4 Home contract rejects missing customer truth before enabling Home or PWA","status":"passed","title":"rejects missing customer truth before enabling Home or PWA","duration":10.129926999999952,"failureMessages":[],"meta":{}},{"ancestorTitles":["DashboardView.vue Stage 4 Home contract"],"fullName":"DashboardView.vue Stage 4 Home contract renders the quiet Home header, one unread dot, canonical routes, and no removed dashboard content","status":"passed","title":"renders the quiet Home header, one unread dot, canonical routes, and no removed dashboard content","duration":38.00752800000009,"failureMessages":[],"meta":{}},{"ancestorTitles":["DashboardView.vue Stage 4 Home contract"],"fullName":"DashboardView.vue Stage 4 Home contract does not turn read notification history into an unread indicator","status":"passed","title":"does not turn read notification history into an unread indicator","duration":20.55813799999987,"failureMessages":[],"meta":{}},{"ancestorTitles":["DashboardView.vue Stage 4 Home contract"],"fullName":"DashboardView.vue Stage 4 Home contract shows durable unread attention from the server count before history is opened","status":"passed","title":"shows durable unread attention from the server count before history is opened","duration":19.681093000000146,"failureMessages":[],"meta":{}},{"ancestorTitles":["DashboardView.vue Stage 4 Home contract"],"fullName":"DashboardView.vue Stage 4 Home contract makes PWA eligibility depend on healthy Home identity, not a removed activity request","status":"passed","title":"makes PWA eligibility depend on healthy Home identity, not a removed activity request","duration":16.16521899999998,"failureMessages":[],"meta":{}},{"ancestorTitles":["DashboardView.vue Stage 4 Home contract"],"fullName":"DashboardView.vue Stage 4 Home contract leaves shared reconnect feedback to App while keeping the Home PWA ineligible","status":"passed","title":"leaves shared reconnect feedback to App while keeping the Home PWA ineligible","duration":19.092345999999907,"failureMessages":[],"meta":{}},{"ancestorTitles":["DashboardView.vue Stage 4 Home contract"],"fullName":"DashboardView.vue Stage 4 Home contract does not duplicate the global reconnect banner when retained Home identity is stale","status":"passed","title":"does not duplicate the global reconnect banner when retained Home identity is stale","duration":26.006984999999986,"failureMessages":[],"meta":{}},{"ancestorTitles":["DashboardView.vue Stage 4 Home contract"],"fullName":"DashboardView.vue Stage 4 Home contract shows one actionable inactive warning, removes dead Market entry, and routes follow-up to Account","status":"passed","title":"shows one actionable inactive warning, removes dead Market entry, and routes follow-up to Account","duration":27.927802999999585,"failureMessages":[],"meta":{}},{"ancestorTitles":["DashboardView.vue Stage 4 Home contract"],"fullName":"DashboardView.vue Stage 4 Home contract uses the stronger inactive copy when the account is already globally locked","status":"passed","title":"uses the stronger inactive copy when the account is already globally locked","duration":19.28491299999996,"failureMessages":[],"meta":{}},{"ancestorTitles":["DashboardView.vue Stage 4 Home contract"],"fullName":"DashboardView.vue Stage 4 Home contract shows one deadline-based restricted warning without inventing a second action","status":"passed","title":"shows one deadline-based restricted warning without inventing a second action","duration":22.89237299999968,"failureMessages":[],"meta":{}},{"ancestorTitles":["DashboardView.vue Stage 4 Home contract"],"fullName":"DashboardView.vue Stage 4 Home contract keeps accountant Home quiet without dead Market or owner-customer destinations","status":"passed","title":"keeps accountant Home quiet without dead Market or owner-customer destinations","duration":16.34836600000017,"failureMessages":[],"meta":{}},{"ancestorTitles":["DashboardView.vue Stage 4 Home contract"],"fullName":"DashboardView.vue Stage 4 Home contract keeps the protected Market hero for an active owner identity","status":"passed","title":"keeps the protected Market hero for an active owner identity","duration":19.026090000000295,"failureMessages":[],"meta":{}},{"ancestorTitles":["DashboardView.vue Stage 4 Home contract"],"fullName":"DashboardView.vue Stage 4 Home contract keeps the protected Market hero for an active admin identity","status":"passed","title":"keeps the protected Market hero for an active admin identity","duration":26.340827999999874,"failureMessages":[],"meta":{}},{"ancestorTitles":["DashboardView.vue Stage 4 Home contract"],"fullName":"DashboardView.vue Stage 4 Home contract keeps the protected closed-market behavior reachable for active users","status":"passed","title":"keeps the protected closed-market behavior reachable for active users","duration":30.435637999999926,"failureMessages":[],"meta":{}},{"ancestorTitles":["DashboardView.vue Stage 4 Home contract"],"fullName":"DashboardView.vue Stage 4 Home contract contains no removed Home API, component, content, or CSS implementation","status":"passed","title":"contains no removed Home API, component, content, or CSS implementation","duration":14.189495999999963,"failureMessages":[],"meta":{}},{"ancestorTitles":["DashboardView.vue Stage 4 Home contract"],"fullName":"DashboardView.vue Stage 4 Home contract retains the byte-locked six-section Market interior contract","status":"passed","title":"retains the byte-locked six-section Market interior contract","duration":4.402696999999989,"failureMessages":[],"meta":{}}],"startTime":1786299180338,"endTime":1786299180977.4026,"status":"passed","message":"","name":"/tmp/trading-bot-webapp-uiux-redesign-v2/frontend/src/views/DashboardView.test.ts"},{"assertionResults":[{"ancestorTitles":["LoginView.vue"],"fullName":"LoginView.vue moves to the OTP step after a successful OTP request","status":"passed","title":"moves to the OTP step after a successful OTP request","duration":3648.614642,"failureMessages":[],"meta":{}},{"ancestorTitles":["LoginView.vue"],"fullName":"LoginView.vue shows and consumes the fixed local logout receipt after the hard login redirect","status":"passed","title":"shows and consumes the fixed local logout receipt after the hard login redirect","duration":178.2005650000001,"failureMessages":[],"meta":{}},{"ancestorTitles":["LoginView.vue"],"fullName":"LoginView.vue accepts the authoritative staging-log OTP delivery receipt","status":"passed","title":"accepts the authoritative staging-log OTP delivery receipt","duration":214.67342100000042,"failureMessages":[],"meta":{}},{"ancestorTitles":["LoginView.vue"],"fullName":"LoginView.vue ignores an OTP request response after the submitted mobile context changes","status":"passed","title":"ignores an OTP request response after the submitted mobile context changes","duration":226.20899999999983,"failureMessages":[],"meta":{}},{"ancestorTitles":["LoginView.vue"],"fullName":"LoginView.vue does not apply a pending verify response after edit-number invalidates the OTP context","status":"passed","title":"does not apply a pending verify response after edit-number invalidates the OTP context","duration":200.57177300000058,"failureMessages":[],"meta":{}},{"ancestorTitles":["LoginView.vue"],"fullName":"LoginView.vue switches to waiting approval when verify-otp requires session approval","status":"passed","title":"switches to waiting approval when verify-otp requires session approval","duration":208.78673499999968,"failureMessages":[],"meta":{}},{"ancestorTitles":["LoginView.vue"],"fullName":"LoginView.vue moves focus to every approval and recovery status transition","status":"passed","title":"moves focus to every approval and recovery status transition","duration":243.3608320000003,"failureMessages":[],"meta":{}},{"ancestorTitles":["LoginView.vue"],"fullName":"LoginView.vue routes invited users to registration completion after OTP verification","status":"passed","title":"routes invited users to registration completion after OTP verification","duration":170.38540300000022,"failureMessages":[],"meta":{}},{"ancestorTitles":["LoginView.vue"],"fullName":"LoginView.vue keeps the OTP context and offers a real retry when registration navigation fails","status":"passed","title":"keeps the OTP context and offers a real retry when registration navigation fails","duration":188.32504900000004,"failureMessages":[],"meta":{}},{"ancestorTitles":["LoginView.vue"],"fullName":"LoginView.vue recovers a committed registration cookie when the verify response body is lost","status":"passed","title":"recovers a committed registration cookie when the verify response body is lost","duration":241.08555199999955,"failureMessages":[],"meta":{}},{"ancestorTitles":["LoginView.vue"],"fullName":"LoginView.vue fails closed when neither the verify response nor a registration cookie arrived","status":"passed","title":"fails closed when neither the verify response nor a registration cookie arrived","duration":210.74925299999995,"failureMessages":[],"meta":{}},{"ancestorTitles":["LoginView.vue"],"fullName":"LoginView.vue primes the current user cache before routing after a successful OTP verification","status":"passed","title":"primes the current user cache before routing after a successful OTP verification","duration":159.4011730000002,"failureMessages":[],"meta":{}},{"ancestorTitles":["LoginView.vue"],"fullName":"LoginView.vue retains the intended route and OTP state when authenticated navigation fails, then retries without replaying OTP","status":"passed","title":"retains the intended route and OTP state when authenticated navigation fails, then retries without replaying OTP","duration":170.04728799999975,"failureMessages":[],"meta":{}},{"ancestorTitles":["LoginView.vue"],"fullName":"LoginView.vue requires an explicit logout before starting a different identity after navigation fails","status":"passed","title":"requires an explicit logout before starting a different identity after navigation fails","duration":180.25205199999982,"failureMessages":[],"meta":{}},{"ancestorTitles":["LoginView.vue"],"fullName":"LoginView.vue shows validation errors, enters the OTP step on rate limiting, and lets the user go back to the mobile step","status":"passed","title":"shows validation errors, enters the OTP step on rate limiting, and lets the user go back to the mobile step","duration":168.35696199999984,"failureMessages":[],"meta":{}},{"ancestorTitles":["LoginView.vue"],"fullName":"LoginView.vue waits for automatic SMS after Telegram delivery without exposing a manual resend","status":"passed","title":"waits for automatic SMS after Telegram delivery without exposing a manual resend","duration":188.93714200000068,"failureMessages":[],"meta":{}},{"ancestorTitles":["LoginView.vue"],"fullName":"LoginView.vue keeps legacy Telegram delivery truthful and preserves manual SMS resend","status":"passed","title":"keeps legacy Telegram delivery truthful and preserves manual SMS resend","duration":220.41340599999967,"failureMessages":[],"meta":{}},{"ancestorTitles":["LoginView.vue"],"fullName":"LoginView.vue uses absolute fallback deadlines after browser clock jumps and visibility changes","status":"passed","title":"uses absolute fallback deadlines after browser clock jumps and visibility changes","duration":154.45010100000036,"failureMessages":[],"meta":{}},{"ancestorTitles":["LoginView.vue"],"fullName":"LoginView.vue restores an opaque active OTP request after refresh without persisting mobile PII","status":"passed","title":"restores an opaque active OTP request after refresh without persisting mobile PII","duration":154.30823799999962,"failureMessages":[],"meta":{}},{"ancestorTitles":["LoginView.vue"],"fullName":"LoginView.vue fails closed for malformed or expired persisted OTP attempts","status":"passed","title":"fails closed for malformed or expired persisted OTP attempts","duration":143.54348299999947,"failureMessages":[],"meta":{}},{"ancestorTitles":["LoginView.vue"],"fullName":"LoginView.vue keeps OTP timer and browser-storage failures bounded to client state","status":"passed","title":"keeps OTP timer and browser-storage failures bounded to client state","duration":133.03991700000006,"failureMessages":[],"meta":{}},{"ancestorTitles":["LoginView.vue"],"fullName":"LoginView.vue uses nested OTP errors and keeps automatic Telegram fallback non-resendable","status":"passed","title":"uses nested OTP errors and keeps automatic Telegram fallback non-resendable","duration":148.4751240000005,"failureMessages":[],"meta":{}},{"ancestorTitles":["LoginView.vue"],"fullName":"LoginView.vue uses bounded legacy recovery without deriving timing from localized 429 copy","status":"passed","title":"uses bounded legacy recovery without deriving timing from localized 429 copy","duration":135.51010900000074,"failureMessages":[],"meta":{}},{"ancestorTitles":["LoginView.vue"],"fullName":"LoginView.vue restores OTP entry from a structured flags-off active-code response","status":"passed","title":"restores OTP entry from a structured flags-off active-code response","duration":147.04445900000064,"failureMessages":[],"meta":{}},{"ancestorTitles":["LoginView.vue"],"fullName":"LoginView.vue explains completed registration on the existing OTP login surface","status":"passed","title":"explains completed registration on the existing OTP login surface","duration":151.04523899999913,"failureMessages":[],"meta":{}},{"ancestorTitles":["LoginView.vue"],"fullName":"LoginView.vue completes login when approval polling returns approved tokens","status":"passed","title":"completes login when approval polling returns approved tokens","duration":202.2580190000008,"failureMessages":[],"meta":{}},{"ancestorTitles":["LoginView.vue"],"fullName":"LoginView.vue handles recovery waiting cancellation and returns to the mobile step","status":"passed","title":"handles recovery waiting cancellation and returns to the mobile step","duration":185.60302600000068,"failureMessages":[],"meta":{}},{"ancestorTitles":["LoginView.vue"],"fullName":"LoginView.vue validates recovery identity uploads and opens every picker input","status":"passed","title":"validates recovery identity uploads and opens every picker input","duration":169.90920099999857,"failureMessages":[],"meta":{}},{"ancestorTitles":["LoginView.vue"],"fullName":"LoginView.vue starts the recovery flow from the waiting screen and submits identity material","status":"passed","title":"starts the recovery flow from the waiting screen and submits identity material","duration":202.30973600000107,"failureMessages":[],"meta":{}},{"ancestorTitles":["LoginView.vue"],"fullName":"LoginView.vue completes login from an approved recovery result","status":"passed","title":"completes login from an approved recovery result","duration":194.39260900000045,"failureMessages":[],"meta":{}},{"ancestorTitles":["LoginView.vue"],"fullName":"LoginView.vue supports the developer quick-login flow and clears suspended refresh tokens","status":"passed","title":"supports the developer quick-login flow and clears suspended refresh tokens","duration":142.16446200000064,"failureMessages":[],"meta":{}},{"ancestorTitles":["LoginView.vue"],"fullName":"LoginView.vue shows developer quick-login on staging builds with public hostnames","status":"passed","title":"shows developer quick-login on staging builds with public hostnames","duration":131.88866700000108,"failureMessages":[],"meta":{}},{"ancestorTitles":["LoginView.vue"],"fullName":"LoginView.vue keeps public authentication free of local PWA install UI and event ownership","status":"passed","title":"keeps public authentication free of local PWA install UI and event ownership","duration":148.24379799999952,"failureMessages":[],"meta":{}},{"ancestorTitles":["LoginView.vue"],"fullName":"LoginView.vue surfaces request, resend, and verify error branches without leaving the current flow","status":"passed","title":"surfaces request, resend, and verify error branches without leaving the current flow","duration":200.31221600000026,"failureMessages":[],"meta":{}},{"ancestorTitles":["LoginView.vue"],"fullName":"LoginView.vue keeps the OTP draft in place when verification returns an invalid success payload","status":"passed","title":"keeps the OTP draft in place when verification returns an invalid success payload","duration":141.20215400000052,"failureMessages":[],"meta":{}},{"ancestorTitles":["LoginView.vue"],"fullName":"LoginView.vue uses cause-neutral c
[...]
780999999801,"failureMessages":[],"meta":{}}],"startTime":1786299193954,"endTime":1786299194265.2769,"status":"passed","message":"","name":"/tmp/trading-bot-webapp-uiux-redesign-v2/frontend/src/utils/currentUser.test.ts"},{"assertionResults":[{"ancestorTitles":["notificationUi"],"fullName":"notificationUi maps each notification display kind to the matching icon component","status":"passed","title":"maps each notification display kind to the matching icon component","duration":5.83733600000005,"failureMessages":[],"meta":{}}],"startTime":1786299233542,"endTime":1786299233547.8374,"status":"passed","message":"","name":"/tmp/trading-bot-webapp-uiux-redesign-v2/frontend/src/utils/notificationUi.test.ts"},{"assertionResults":[{"ancestorTitles":["push notification service worker"],"fullName":"push notification service worker sanitizes hostile payload metadata, assets, and protocol-relative routes","status":"passed","title":"sanitizes hostile payload metadata, assets, and protocol-relative routes","duration":25.227997999999843,"failureMessages":[],"meta":{}},{"ancestorTitles":["push notification service worker"],"fullName":"push notification service worker opens only a same-origin canonical route on notification click","status":"passed","title":"opens only a same-origin canonical route on notification click","duration":6.212187999999969,"failureMessages":[],"meta":{}},{"ancestorTitles":["push notification service worker"],"fullName":"push notification service worker canonicalizes known destinations and never opens recovery or unknown internal routes","status":"passed","title":"canonicalizes known destinations and never opens recovery or unknown internal routes","duration":13.048886000000039,"failureMessages":[],"meta":{}},{"ancestorTitles":["push notification service worker"],"fullName":"push notification service worker fails closed for a non-record JSON payload: null","status":"passed","title":"fails closed for a non-record JSON payload: null","duration":4.1049319999999625,"failureMessages":[],"meta":{}},{"ancestorTitles":["push notification service worker"],"fullName":"push notification service worker fails closed for a non-record JSON payload: 7","status":"passed","title":"fails closed for a non-record JSON payload: 7","duration":2.958306999999877,"failureMessages":[],"meta":{}},{"ancestorTitles":["push notification service worker"],"fullName":"push notification service worker fails closed for a non-record JSON payload: \"raw\"","status":"passed","title":"fails closed for a non-record JSON payload: \"raw\"","duration":2.8966060000000198,"failureMessages":[],"meta":{}},{"ancestorTitles":["push notification service worker"],"fullName":"push notification service worker fails closed for a non-record JSON payload: %j","status":"passed","title":"fails closed for a non-record JSON payload: %j","duration":2.3158639999999195,"failureMessages":[],"meta":{}},{"ancestorTitles":["push notification service worker"],"fullName":"push notification service worker keeps delivery closed until the current account has an authoritative binding","status":"passed","title":"keeps delivery closed until the current account has an authoritative binding","duration":1.976938999999902,"failureMessages":[],"meta":{}},{"ancestorTitles":["push notification service worker"],"fullName":"push notification service worker closes delivery and performs authenticated best-effort cleanup on logout","status":"passed","title":"closes delivery and performs authenticated best-effort cleanup on logout","duration":5.932035000000042,"failureMessages":[],"meta":{}},{"ancestorTitles":["push notification service worker"],"fullName":"push notification service worker persists only the delivery boolean across worker restarts","status":"passed","title":"persists only the delivery boolean across worker restarts","duration":8.302310999999918,"failureMessages":[],"meta":{}}],"startTime":1786299219001,"endTime":1786299219074.3022,"status":"passed","message":"","name":"/tmp/trading-bot-webapp-uiux-redesign-v2/frontend/src/utils/pushNotificationsServiceWorker.test.ts"},{"assertionResults":[{"ancestorTitles":["pwaInstall"],"fullName":"pwaInstall marks the app as installed immediately when already running standalone","status":"passed","title":"marks the app as installed immediately when already running standalone","duration":174.61030899999992,"failureMessages":[],"meta":{}},{"ancestorTitles":["pwaInstall"],"fullName":"pwaInstall marks the app as installed on load when the browser is already standalone","status":"passed","title":"marks the app as installed on load when the browser is already standalone","duration":24.707533999999896,"failureMessages":[],"meta":{}},{"ancestorTitles":["pwaInstall"],"fullName":"pwaInstall stores beforeinstallprompt, prompts the user, and reacts to appinstalled","status":"passed","title":"stores beforeinstallprompt, prompts the user, and reacts to appinstalled","duration":16.503206999999975,"failureMessages":[],"meta":{}},{"ancestorTitles":["pwaInstall"],"fullName":"pwaInstall dispatches pwa-install-ready when Chrome exposes the install prompt","status":"passed","title":"dispatches pwa-install-ready when Chrome exposes the install prompt","duration":14.631159999999909,"failureMessages":[],"meta":{}},{"ancestorTitles":["pwaInstall"],"fullName":"pwaInstall returns false when there is no deferred prompt or the user dismisses it","status":"passed","title":"returns false when there is no deferred prompt or the user dismisses it","duration":6.4509089999999105,"failureMessages":[],"meta":{}},{"ancestorTitles":["pwaInstall"],"fullName":"pwaInstall contains a rejected browser prompt and clears the single-use event","status":"passed","title":"contains a rejected browser prompt and clears the single-use event","duration":6.5779600000000755,"failureMessages":[],"meta":{}}],"startTime":1786299205899,"endTime":1786299206143.578,"status":"passed","message":"","name":"/tmp/trading-bot-webapp-uiux-redesign-v2/frontend/src/utils/pwaInstall.test.ts"},{"assertionResults":[{"ancestorTitles":["routeRequest"],"fullName":"routeRequest uses one non-retrying apiFetch call for authenticated requests and parses JSON","status":"passed","title":"uses one non-retrying apiFetch call for authenticated requests and parses JSON","duration":28.20012299999985,"failureMessages":[],"meta":{}},{"ancestorTitles":["routeRequest"],"fullName":"routeRequest uses native fetch in public mode and does not call apiFetch","status":"passed","title":"uses native fetch in public mode and does not call apiFetch","duration":3.9997220000000198,"failureMessages":[],"meta":{}},{"ancestorTitles":["routeRequest"],"fullName":"routeRequest normalizes non-ok responses with the shared HTTP error policy","status":"passed","title":"normalizes non-ok responses with the shared HTTP error policy","duration":16.38304500000004,"failureMessages":[],"meta":{}},{"ancestorTitles":["routeRequest"],"fullName":"routeRequest aborts at the timeout boundary and returns a structured timeout error","status":"passed","title":"aborts at the timeout boundary and returns a structured timeout error","duration":8.545131000000083,"failureMessages":[],"meta":{}},{"ancestorTitles":["routeRequest"],"fullName":"routeRequest forwards an external abort without converting it to a route failure","status":"passed","title":"forwards an external abort without converting it to a route failure","duration":3.7166040000001885,"failureMessages":[],"meta":{}},{"ancestorTitles":["routeRequest"],"fullName":"routeRequest normalizes a network failure and lets a manual retry start a new call","status":"passed","title":"normalizes a network failure and lets a manual retry start a new call","duration":2.6938840000000255,"failureMessages":[],"meta":{}}],"startTime":1786299224229,"endTime":1786299224292.6938,"status":"passed","message":"","name":"/tmp/trading-bot-webapp-uiux-redesign-v2/frontend/src/utils/routeRequest.test.ts"},{"assertionResults":[{"ancestorTitles":["securityLayerState"],"fullName":"securityLayerState tracks multiple blocking security layers without releasing another owner","status":"passed","title":"tracks multiple blocking security layers without releasing another owner","duration":5.409158000000161,"failureMessages":[],"meta":{}}],"startTime":1786299231494,"endTime":1786299231499.4092,"status":"passed","message":"","name":"/tmp/trading-bot-webapp-uiux-redesign-v2/frontend/src/utils/securityLayerState.test.ts"},{"assertionResults":[{"ancestorTitles":["workspace primitives"],"fullName":"workspace primitives renders an accessible workspace shell with toolbar, aside, actions, and back event","status":"passed","title":"renders an accessible workspace shell with toolbar, aside, actions, and back event","duration":98.57490800000005,"failureMessages":[],"meta":{}},{"ancestorTitles":["workspace primitives"],"fullName":"workspace primitives opts the shell into the V2 workspace root without changing the legacy default","status":"passed","title":"opts the shell into the V2 workspace root without changing the legacy default","duration":22.591726000000108,"failureMessages":[],"meta":{}},{"ancestorTitles":["workspace primitives"],"fullName":"workspace primitives renders section, notice, stat, and danger zone primitives with stable classes","status":"passed","title":"renders section, notice, stat, and danger zone primitives with stable classes","duration":38.67456799999991,"failureMessages":[],"meta":{}},{"ancestorTitles":["workspace primitives"],"fullName":"workspace primitives supports standalone V2 opt-in on every leaf workspace adapter","status":"passed","title":"supports standalone V2 opt-in on every leaf workspace adapter","duration":27.253161999999975,"failureMessages":[],"meta":{}},{"ancestorTitles":["workspace primitives"],"fullName":"workspace primitives emits action tile selection and respects disabled state","status":"passed","title":"emits action tile selection and respects disabled state","duration":16.568352000000232,"failureMessages":[],"meta":{}}],"startTime":1786299212529,"endTime":1786299212732.5684,"status":"passed","message":"","name":"/tmp/trading-bot-webapp-uiux-redesign-v2/frontend/src/components/workspace/WorkspacePrimitives.test.ts"},{"assertionResults":[{"ancestorTitles":["useChatFileHandler.ts"],"fullName":"useChatFileHandler.ts tracks seeded files in the cache registry and clears them cleanly","status":"passed","title":"tracks seeded files in the cache registry and clears them cleanly","duration":215.0522679999999,"failureMessages":[],"meta":{}},{"ancestorTitles":["useChatFileHandler.ts"],"fullName":"useChatFileHandler.ts opens a seeded cached file without hitting the network again","status":"passed","title":"opens a seeded cached file without hitting the network again","duration":23.909992999999986,"failureMessages":[],"meta":{}},{"ancestorTitles":["useChatFileHandler.ts"],"fullName":"useChatFileHandler.ts marks uncached files as downloading before IndexedDB cache lookup completes","status":"passed","title":"marks uncached files as downloading before IndexedDB cache lookup completes","duration":10.94700899999998,"failureMessages":[],"meta":{}},{"ancestorTitles":["useChatFileHandler.ts"],"fullName":"useChatFileHandler.ts shares multiple cached files through the native share sheet payload","status":"passed","title":"shares multiple cached files through the native share sheet payload","duration":8.392628000000059,"failureMessages":[],"meta":{}},{"ancestorTitles":["useChatFileHandler.ts"],"fullName":"useChatFileHandler.ts prewarms cached files, formats cache size, and clears legacy debug overlays","status":"passed","title":"prewarms cached files, formats cache size, and clears legacy debug overlays","duration":6.7832489999998415,"failureMessages":[],"meta":{}},{"ancestorTitles":["useChatFileHandler.ts"],"fullName":"useChatFileHandler.ts reuses cached object URLs for seeded files and revokes them when the cache is cleared","status":"passed","title":"reuses cached object URLs for seeded files and revokes them when the cache is cleared","duration":4.869901000000027,"failureMessages":[],"meta":{}},{"ancestorTitles":["useChatFileHandler.ts"],"fullName":"useChatFileHandler.ts downloads uncached files once, reuses the cache, and exposes the wrapper composable api","status":"passed","title":"downloads uncached files once, reuses the cache, and exposes the wrapper composable api","duration":7.6169159999999465,"failureMessages":[],"meta":{}},{"ancestorTitles":["useChatFileHandler.ts"],"fullName":"useChatFileHandler.ts returns false for unsupported share paths and treats AbortError as a successful multi-share dismissal","status":"passed","title":"returns false for unsupported share paths and treats AbortError as a successful multi-share dismissal","duration":5.269555000000082,"failureMessages":[],"meta":{}},{"ancestorTitles":["useChatFileHandler.ts"],"fullName":"useChatFileHandler.ts throws when the network download fails during open and reports zero bytes for invalid cached entries","status":"passed","title":"throws when the network download fails during open and reports zero bytes for invalid cached entries","duration":6.242065000000139,"failureMessages":[],"meta":{}},{"ancestorTitles":["useChatFileHandler.ts"],"fullName":"useChatFileHandler.ts prefetches uncached files for sharing, reuses the cache, and returns false on failed prefetches","status":"passed","title":"prefetches uncached files for sharing, reuses the cache, and returns false on failed prefetches","duration":7.123539999999593,"failureMessages":[],"meta":{}},{"ancestorTitles":["useChatFileHandler.ts"],"fullName":"useChatFileHandler.ts returns false when file sharing is unsupported or canShare probes fail","status":"passed","title":"returns false when file sharing is unsupported or canShare probes fail","duration":7.42606300000034,"failureMessages":[],"meta":{}},{"ancestorTitles":["useChatFileHandler.ts"],"fullName":"useChatFileHandler.ts handles multi-share edge cases and generic share rejections","status":"passed","title":"handles multi-share edge cases and generic share rejections","duration":7.21225000000004,"failureMessages":[],"meta":{}},{"ancestorTitles":["useChatFileHandler.ts"],"fullName":"useChatFileHandler.ts surfaces cache clear failures and tolerates cache-size scan failures","status":"passed","title":"surfaces cache clear failures and tolerates cache-size scan failures","duration":8.355870000000323,"failureMessages":[],"meta":{}},{"ancestorTitles":["useChatFileHandler.ts"],"fullName":"useChatFileHandler.ts falls back from inline open to cached download when opening a blob tab fails and tolerates cache-write failures","status":"passed","title":"falls back from inline open to cached download when opening a blob tab fails and tolerates cache-write failures","duration":19.501839000000018,"failureMessages":[],"meta":{}},{"ancestorTitles":["useChatFileHandler.ts"],"fullName":"useChatFileHandler.ts covers share fast-path fallback branches for canShare, synchronous throws, async rejects, and File construction failure","status":"passed","title":"covers share fast-path fallback branches for canShare, synchronous throws, async rejects, and File construction failure","duration":8.215442000000166,"failureMessages":[],"meta":{}},{"ancestorTitles":["useChatFileHandler.ts"],"fullName":"useChatFileHandler.ts short-circuits prewarm and share/download requests while a fetch is already in flight","status":"passed","title":"short-circuits prewarm and share/download requests while a fetch is already in flight","duration":24.862746999999672,"failureMessages":[],"meta":{}},{"ancestorTitles":["useChatFileHandler.ts"],"fullName":"useChatFileHandler.ts hydrates local blob sources through one shared cache promise for media-style callers","status":"passed","title":"hydrates local blob sources through one shared cache promise for media-style callers","duration":6.551754000000074,"failureMessages":[],"meta":{}},{"ancestorTitles":["useChatFileHandler.ts"],"fullName":"useChatFileHandler.ts covers cache-read failures, no-op ids, healthy seed skips, and object-url revocation timers","status":"passed","title":"covers cache-read failures, no-op ids, healthy seed skips, and object-url revocation timers","duration":14.881930999999895,"failureMessages":[],"meta":{}},{"ancestorTitles":["useChatFileHandler.ts"],"fullName":"useChatFileHandler.ts promotes IndexedDB cache hits into memory, reuses cached opens, patches missing mime types for share, and tolerates seed/multi-share file failures","status":"passed","title":"promotes IndexedDB cache hits into memory, reuses cached opens, patches missing mime types for share, and tolerates seed/multi-share file failures","duration":7.844985000000179,"failureMessages":[],"meta":{}}],"startTime":1786299198934,"endTime":1786299199335.845,"status":"passed","message":"","name":"/tmp/trading-bot-webapp-uiux-redesign-v2/frontend/src/composables/chat/useChatFileHandler.test.ts"},{"assertionResults":[{"ancestorTitles":["ui primitives"],"fullName":"ui primitives renders buttons, action cards, metrics, badges, chips, and sections with stable contracts","status":"passed","title":"renders buttons, action cards, metrics, badges, chips, and sections with stable contracts","duration":265.73119799999995,"failureMessages":[],"meta":{}},{"ancestorTitles":["ui primitives"],"fullName":"ui primitives supports keyboard-friendly tabs and emits model updates","status":"passed","title":"supports keyboard-friendly tabs and emits model updates","duration":13.133808999999928,"failureMessages":[],"meta":{}},{"ancestorTitles":["ui primitives"],"fullName":"ui primitives connects form fields to inputs and exposes validation state","status":"passed","title":"connects form fields to inputs and exposes validation state","duration":96.56641300000001,"failureMessages":[],"meta":{}},{"ancestorTitles":["ui primitives"],"fullName":"ui primitives renders shared empty, loading, error, and danger states","status":"passed","title":"renders shared empty, loading, error, and danger states","duration":15.629869000000326,"failureMessages":[],"meta":{}},{"ancestorTitles":["ui primitives"],"fullName":"ui primitives renders list items and confirm dialogs with action events","status":"passed","title":"renders list items and confirm dialogs with action events","duration":65.63043500000003,"failureMessages":[],"meta":{}},{"ancestorTitles":["ui primitives"],"fullName":"ui primitives renders page, workspace, master-detail, toolbar, and page header primitives","status":"passed","title":"renders page, workspace, master-detail, toolbar, and page header primitives","duration":40.33659299999999,"failureMessages":[],"meta":{}},{"ancestorTitles":["ui primitives"],"fullName":"ui primitives renders disclosures with accessible toggle and controlled panels","status":"passed","title":"renders disclosures with accessible toggle and controlled panels","duration":18.120833000000403,"failureMessages":[],"meta":{}},{"ancestorTitles":["ui primitives"],"fullName":"ui primitives supports search fields, filter chips, and number steppers","status":"passed","title":"supports search fields, filter chips, and number steppers","duration":32.39175400000022,"failureMessages":[],"meta":{}},{"ancestorTitles":["ui primitives"],"fullName":"ui primitives keeps legacy filter-chip focus behavior unless focus-follow-selection is opted in","status":"passed","title":"keeps legacy filter-chip focus behavior unless focus-follow-selection is opted in","duration":8.96373500000027,"failureMessages":[],"meta":{}},{"ancestorTitles":["ui primitives"],"fullName":"ui primitives renders toast, bottom sheet, and responsive dialog primitives","status":"passed","title":"renders toast, bottom sheet, and responsive dialog primitives","duration":101.19497600000022,"failureMessages":[],"meta":{}}],"startTime":1786299183445,"endTime":1786299184104.195,"status":"passed","message":"","name":"/tmp/trading-bot-webapp-uiux-redesign-v2/frontend/src/components/ui/AppPrimitives.test.ts"}]}