{
  "numTotalTestSuites": 310,
  "numPassedTestSuites": 310,
  "numFailedTestSuites": 0,
  "numPendingTestSuites": 0,
  "numTotalTests": 1663,
  "numPassedTests": 1663,
  "numFailedTests": 0,
  "numPendingTests": 0,
  "numTodoTests": 0,
  "snapshot": {
    "added": 0,
    "failure": false,
    "filesAdded": 0,
    "filesRemoved": 0,
    "filesRemovedList": [],
    "filesUnmatched": 0,
    "filesUpdated": 0,
    "matched": 0,
    "total": 0,
    "unchecked": 0,
    "uncheckedKeysByFile": [],
    "unmatched": 0,
    "updated": 0,
    "didUpdate": false
  },
  "startTime": 1786444480859,
  "success": true,
  "testResults": [
    {
      "assertionResults": [
        {
          "ancestorTitles": [
            "UIUX v2 CSS guard"
          ],
          "fullName": "UIUX v2 CSS guard discovers mixed-case, presence, and operator V2 attribute selectors",
          "status": "passed",
          "title": "discovers mixed-case, presence, and operator V2 attribute selectors",
          "duration": 3.9145340000000033,
          "failureMessages": [],
          "meta": {}
        },
        {
          "ancestorTitles": [
            "UIUX v2 CSS guard"
          ],
          "fullName": "UIUX v2 CSS guard accepts scoped, self-contained V2 tokens and components",
          "status": "passed",
          "title": "accepts scoped, self-contained V2 tokens and components",
          "duration": 26.450042999999823,
          "failureMessages": [],
          "meta": {}
        },
        {
          "ancestorTitles": [
            "UIUX v2 CSS guard"
          ],
          "fullName": "UIUX v2 CSS guard allows only registered Stage 3 shell and Stage 4 daily-core namespaces",
          "status": "passed",
          "title": "allows only registered Stage 3 shell and Stage 4 daily-core namespaces",
          "duration": 15.27788499999997,
          "failureMessages": [],
          "meta": {}
        },
        {
          "ancestorTitles": [
            "UIUX v2 CSS guard"
          ],
          "fullName": "UIUX v2 CSS guard accepts the duplicated scope attribute used to outrank legacy focus rules",
          "status": "passed",
          "title": "accepts the duplicated scope attribute used to outrank legacy focus rules",
          "duration": 6.9112529999997605,
          "failureMessages": [],
          "meta": {}
        },
        {
          "ancestorTitles": [
            "UIUX v2 CSS guard"
          ],
          "fullName": "UIUX v2 CSS guard rejects unscoped and global selectors only inside supplied V2 CSS",
          "status": "passed",
          "title": "rejects unscoped and global selectors only inside supplied V2 CSS",
          "duration": 35.262157000000116,
          "failureMessages": [],
          "meta": {}
        },
        {
          "ancestorTitles": [
            "UIUX v2 CSS guard"
          ],
          "fullName": "UIUX v2 CSS guard rejects sibling escapes and unsafe functional scope alternatives",
          "status": "passed",
          "title": "rejects sibling escapes and unsafe functional scope alternatives",
          "duration": 3.566867000000002,
          "failureMessages": [],
          "meta": {}
        },
        {
          "ancestorTitles": [
            "UIUX v2 CSS guard"
          ],
          "fullName": "UIUX v2 CSS guard rejects raw colors, hardcoded design lengths, and noncanonical local components",
          "status": "passed",
          "title": "rejects raw colors, hardcoded design lengths, and noncanonical local components",
          "duration": 5.098670000000311,
          "failureMessages": [],
          "meta": {}
        },
        {
          "ancestorTitles": [
            "UIUX v2 CSS guard"
          ],
          "fullName": "UIUX v2 CSS guard rejects imported/global CSS and unapproved media queries",
          "status": "passed",
          "title": "rejects imported/global CSS and unapproved media queries",
          "duration": 4.400197999999818,
          "failureMessages": [],
          "meta": {}
        },
        {
          "ancestorTitles": [
            "UIUX v2 CSS guard"
          ],
          "fullName": "UIUX v2 CSS guard rejects canonical token overrides outside the reduced-motion allowlist",
          "status": "passed",
          "title": "rejects canonical token overrides outside the reduced-motion allowlist",
          "duration": 2.1997119999996357,
          "failureMessages": [],
          "meta": {}
        },
        {
          "ancestorTitles": [
            "UIUX v2 CSS guard"
          ],
          "fullName": "UIUX v2 CSS guard rejects token laundering, hardcoded motion, and unofficial typography",
          "status": "passed",
          "title": "rejects token laundering, hardcoded motion, and unofficial typography",
          "duration": 4.574395999999979,
          "failureMessages": [],
          "meta": {}
        },
        {
          "ancestorTitles": [
            "UIUX v2 CSS guard"
          ],
          "fullName": "UIUX v2 CSS guard rejects font shorthand and ordinary hardcodes hidden in the canonical token file",
          "status": "passed",
          "title": "rejects font shorthand and ordinary hardcodes hidden in the canonical token file",
          "duration": 2.1692079999997986,
          "failureMessages": [],
          "meta": {}
        },
        {
          "ancestorTitles": [
            "UIUX v2 CSS guard"
          ],
          "fullName": "UIUX v2 CSS guard rejects foreign and case-spoofed custom-property definitions and usages",
          "status": "passed",
          "title": "rejects foreign and case-spoofed custom-property definitions and usages",
          "duration": 2.724112999999761,
          "failureMessages": [],
          "meta": {}
        },
        {
          "ancestorTitles": [
            "UIUX v2 CSS guard"
          ],
          "fullName": "UIUX v2 CSS guard allows raw colors only in the exact canonical token source path",
          "status": "passed",
          "title": "allows raw colors only in the exact canonical token source path",
          "duration": 0.5967460000001665,
          "failureMessages": [],
          "meta": {}
        },
        {
          "ancestorTitles": [
            "UIUX v2 CSS guard"
          ],
          "fullName": "UIUX v2 CSS guard rejects an empty style set and cyclic token aliases",
          "status": "passed",
          "title": "rejects an empty style set and cyclic token aliases",
          "duration": 1.7624390000000858,
          "failureMessages": [],
          "meta": {}
        },
        {
          "ancestorTitles": [
            "UIUX v2 CSS guard"
          ],
          "fullName": "UIUX v2 CSS guard rejects legacy definitions/remaps plus duplicate and undefined V2 tokens",
          "status": "passed",
          "title": "rejects legacy definitions/remaps plus duplicate and undefined V2 tokens",
          "duration": 1.6967599999998129,
          "failureMessages": [],
          "meta": {}
        },
        {
          "ancestorTitles": [
            "UIUX v2 CSS guard"
          ],
          "fullName": "UIUX v2 CSS guard locks every canonical and implementation token definition to the frozen contract",
          "status": "passed",
          "title": "locks every canonical and implementation token definition to the frozen contract",
          "duration": 361.43939399999954,
          "failureMessages": [],
          "meta": {}
        },
        {
          "ancestorTitles": [
            "UIUX v2 CSS guard"
          ],
          "fullName": "UIUX v2 CSS guard rejects system colors, extended design lengths, and typography token decoration",
          "status": "passed",
          "title": "rejects system colors, extended design lengths, and typography token decoration",
          "duration": 1.7524080000002868,
          "failureMessages": [],
          "meta": {}
        },
        {
          "ancestorTitles": [
            "UIUX v2 CSS guard"
          ],
          "fullName": "UIUX v2 CSS guard does not treat system-color words inside asset URLs or strings as colors",
          "status": "passed",
          "title": "does not treat system-color words inside asset URLs or strings as colors",
          "duration": 5.672185999999783,
          "failureMessages": [],
          "meta": {}
        },
        {
          "ancestorTitles": [
            "UIUX v2 CSS guard"
          ],
          "fullName": "UIUX v2 CSS guard rejects hardcoded lengths from every ordinary declaration shorthand",
          "status": "passed",
          "title": "rejects hardcoded lengths from every ordinary declaration shorthand",
          "duration": 1.4309860000003027,
          "failureMessages": [],
          "meta": {}
        },
        {
          "ancestorTitles": [
            "UIUX v2 catalog boundary"
          ],
          "fullName": "UIUX v2 catalog boundary accepts only the frozen public catalog import set",
          "status": "passed",
          "title": "accepts only the frozen public catalog import set",
          "duration": 66.79200000000037,
          "failureMessages": [],
          "meta": {}
        },
        {
          "ancestorTitles": [
            "UIUX v2 catalog boundary"
          ],
          "fullName": "UIUX v2 catalog boundary rejects protected imports, route literals, and wording even when unused",
          "status": "passed",
          "title": "rejects protected imports, route literals, and wording even when unused",
          "duration": 19.27157299999999,
          "failureMessages": [],
          "meta": {}
        },
        {
          "ancestorTitles": [
            "UIUX v2 catalog boundary"
          ],
          "fullName": "UIUX v2 catalog boundary rejects every nonliteral dynamic import even when a protected name is fragmented",
          "status": "passed",
          "title": "rejects every nonliteral dynamic import even when a protected name is fragmented",
          "duration": 14.934975000000122,
          "failureMessages": [],
          "meta": {}
        },
        {
          "ancestorTitles": [
            "UIUX v2 catalog boundary"
          ],
          "fullName": "UIUX v2 catalog boundary audits every script block and folds fragmented protected references",
          "status": "passed",
          "title": "audits every script block and folds fragmented protected references",
          "duration": 32.95112499999959,
          "failureMessages": [],
          "meta": {}
        },
        {
          "ancestorTitles": [
            "UIUX v2 route policy guard"
          ],
          "fullName": "UIUX v2 route policy guard accepts the Stage 4 fixture contract and the current production router",
          "status": "passed",
          "title": "accepts the Stage 4 fixture contract and the current production router",
          "duration": 82.53552499999932,
          "failureMessages": [],
          "meta": {}
        },
        {
          "ancestorTitles": [
            "UIUX v2 route policy guard"
          ],
          "fullName": "UIUX v2 route policy guard rejects V2 activation on a fully protected route",
          "status": "passed",
          "title": "rejects V2 activation on a fully protected route",
          "duration": 83.27053599999999,
          "failureMessages": [],
          "meta": {}
        },
        {
          "ancestorTitles": [
            "UIUX v2 route policy guard"
          ],
          "fullName": "UIUX v2 route policy guard rejects whole-route scope on mixed routes",
          "status": "passed",
          "title": "rejects whole-route scope on mixed routes",
          "duration": 87.62886400000025,
          "failureMessages": [],
          "meta": {}
        },
        {
          "ancestorTitles": [
            "UIUX v2 route policy guard"
          ],
          "fullName": "UIUX v2 route policy guard rejects shell-family drift and a catch-all that is not final",
          "status": "passed",
          "title": "rejects shell-family drift and a catch-all that is not final",
          "duration": 26.029822000000422,
          "failureMessages": [],
          "meta": {}
        },
        {
          "ancestorTitles": [
            "UIUX v2 route policy guard"
          ],
          "fullName": "UIUX v2 route policy guard rejects a production catalog route and route registry drift",
          "status": "passed",
          "title": "rejects a production catalog route and route registry drift",
          "duration": 18.30098099999941,
          "failureMessages": [],
          "meta": {}
        },
        {
          "ancestorTitles": [
            "UIUX v2 route policy guard"
          ],
          "fullName": "UIUX v2 route policy guard uses the createRouter AST and rejects comment/dynamic-expression spoofing",
          "status": "passed",
          "title": "uses the createRouter AST and rejects comment/dynamic-expression spoofing",
          "duration": 44.80787000000055,
          "failureMessages": [],
          "meta": {}
        },
        {
          "ancestorTitles": [
            "UIUX v2 route policy guard"
          ],
          "fullName": "UIUX v2 route policy guard recursively rejects a nested production catalog route",
          "status": "passed",
          "title": "recursively rejects a nested production catalog route",
          "duration": 102.15447399999994,
          "failureMessages": [],
          "meta": {}
        },
        {
          "ancestorTitles": [
            "UIUX v2 route policy guard"
          ],
          "fullName": "UIUX v2 route policy guard fails closed on identifier and spread elements in the route array",
          "status": "passed",
          "title": "fails closed on identifier and spread elements in the route array",
          "duration": 78.83627700000034,
          "failureMessages": [],
          "meta": {}
        },
        {
          "ancestorTitles": [
            "UIUX v2 route policy guard"
          ],
          "fullName": "UIUX v2 route policy guard fails closed on spread assignments inside route objects",
          "status": "passed",
          "title": "fails closed on spread assignments inside route objects",
          "duration": 40.35811599999943,
          "failureMessages": [],
          "meta": {}
        },
        {
          "ancestorTitles": [
            "UIUX v2 route policy guard"
          ],
          "fullName": "UIUX v2 route policy guard fails closed on createRouter config spreads and computed route keys",
          "status": "passed",
          "title": "fails closed on createRouter config spreads and computed route keys",
          "duration": 54.71770000000015,
          "failureMessages": [],
          "meta": {}
        },
        {
          "ancestorTitles": [
            "UIUX v2 route policy guard"
          ],
          "fullName": "UIUX v2 route policy guard fails closed on duplicate overriding route registry keys",
          "status": "passed",
          "title": "fails closed on duplicate overriding route registry keys",
          "duration": 85.39230700000007,
          "failureMessages": [],
          "meta": {}
        },
        {
          "ancestorTitles": [
            "UIUX v2 route policy guard"
          ],
          "fullName": "UIUX v2 route policy guard rejects runtime addRoute/removeRoute/clearRoutes mutations in product sources",
          "status": "passed",
          "title": "rejects runtime addRoute/removeRoute/clearRoutes mutations in product sources",
          "duration": 167.43167900000026,
          "failureMessages": [],
          "meta": {}
        },
        {
          "ancestorTitles": [
            "UIUX v2 route policy guard"
          ],
          "fullName": "UIUX v2 route policy guard rejects source-level activation in product views",
          "status": "passed",
          "title": "rejects source-level activation in product views",
          "duration": 46.81155099999978,
          "failureMessages": [],
          "meta": {}
        },
        {
          "ancestorTitles": [
            "UIUX v2 route policy guard"
          ],
          "fullName": "UIUX v2 route policy guard rejects helper-based product activation without literal scope markup",
          "status": "passed",
          "title": "rejects helper-based product activation without literal scope markup",
          "duration": 76.73616099999981,
          "failureMessages": [],
          "meta": {}
        },
        {
          "ancestorTitles": [
            "UIUX v2 route policy guard"
          ],
          "fullName": "UIUX v2 route policy guard rejects fragmented DOM, dataset, catalog import, and dynamic router activation",
          "status": "passed",
          "title": "rejects fragmented DOM, dataset, catalog import, and dynamic router activation",
          "duration": 219.88855799999965,
          "failureMessages": [],
          "meta": {}
        },
        {
          "ancestorTitles": [
            "UIUX v2 route policy guard"
          ],
          "fullName": "UIUX v2 route policy guard rejects direct catalog imports and rendering in product sources",
          "status": "passed",
          "title": "rejects direct catalog imports and rendering in product sources",
          "duration": 23.07862600000044,
          "failureMessages": [],
          "meta": {}
        },
        {
          "ancestorTitles": [
            "UIUX v2 route policy guard"
          ],
          "fullName": "UIUX v2 route policy guard allows only the audited App and Home-section scope components",
          "status": "passed",
          "title": "allows only the audited App and Home-section scope components",
          "duration": 251.82959100000062,
          "failureMessages": [],
          "meta": {}
        },
        {
          "ancestorTitles": [
            "UIUX v2 route policy guard"
          ],
          "fullName": "UIUX v2 route policy guard allows only default-off Stage 4 workspace adapter activation",
          "status": "passed",
          "title": "allows only default-off Stage 4 workspace adapter activation",
          "duration": 342.4959770000005,
          "failureMessages": [],
          "meta": {}
        },
        {
          "ancestorTitles": [
            "UIUX v2 route policy guard"
          ],
          "fullName": "UIUX v2 route policy guard scans ordinary activation surfaces while excluding only V2 definitions and tests",
          "status": "passed",
          "title": "scans ordinary activation surfaces while excluding only V2 definitions and tests",
          "duration": 2.283263000000261,
          "failureMessages": [],
          "meta": {}
        },
        {
          "ancestorTitles": [
            "UIUX v2 route policy guard"
          ],
          "fullName": "UIUX v2 route policy guard rejects whole-application activation from the HTML entrypoint",
          "status": "passed",
          "title": "rejects whole-application activation from the HTML entrypoint",
          "duration": 69.46654200000012,
          "failureMessages": [],
          "meta": {}
        }
      ],
      "startTime": 1786444625716,
      "endTime": 1786444628266.4666,
      "status": "passed",
      "message": "",
      "name": "scripts/design-system-v2-guard.test.mjs"
    },
    {
      "assertionResults": [
        {
          "ancestorTitles": [
            "Stage 3 protected Home market region"
          ],
          "fullName": "Stage 3 protected Home market region binds the versioned six-section base contract",
          "status": "passed",
          "title": "binds the versioned six-section base contract",
          "duration": 8.000966999999946,
          "failureMessages": [],
          "meta": {}
        },
        {
          "ancestorTitles": [
            "Stage 3 protected Home market region"
          ],
          "fullName": "Stage 3 protected Home market region detects a mutation in every protected section",
          "status": "passed",
          "title": "detects a mutation in every protected section",
          "duration": 7.659227999999985,
          "failureMessages": [],
          "meta": {}
        },
        {
          "ancestorTitles": [
            "Stage 3 protected Home market region"
          ],
          "fullName": "Stage 3 protected Home market region fails closed when a required anchor is duplicated",
          "status": "passed",
          "title": "fails closed when a required anchor is duplicated",
          "duration": 2.3805090000000746,
          "failureMessages": [],
          "meta": {}
        },
        {
          "ancestorTitles": [
            "Stage 3 protected Home market region"
          ],
          "fullName": "Stage 3 protected Home market region does not use removable non-Market handlers as the open-market end anchor",
          "status": "passed",
          "title": "does not use removable non-Market handlers as the open-market end anchor",
          "duration": 1.8708769999998367,
          "failureMessages": [],
          "meta": {}
        }
      ],
      "startTime": 1786444842547,
      "endTime": 1786444842566.8708,
      "status": "passed",
      "message": "",
      "name": "scripts/stage3-protected-region-guard.test.mjs"
    },
    {
      "assertionResults": [
        {
          "ancestorTitles": [
            "Stage 4 protected surface baseline"
          ],
          "fullName": "Stage 4 protected surface baseline binds the clean Stage 4 checkpoint commit and tree",
          "status": "passed",
          "title": "binds the clean Stage 4 checkpoint commit and tree",
          "duration": 3.346952000000101,
          "failureMessages": [],
          "meta": {}
        },
        {
          "ancestorTitles": [
            "Stage 4 protected surface baseline"
          ],
          "fullName": "Stage 4 protected surface baseline binds the complete Market runtime, including settlement type",
          "status": "passed",
          "title": "binds the complete Market runtime, including settlement type",
          "duration": 31.442759000000024,
          "failureMessages": [],
          "meta": {}
        },
        {
          "ancestorTitles": [
            "Stage 4 protected surface baseline"
          ],
          "fullName": "Stage 4 protected surface baseline binds the complete Messenger runtime and every formerly omitted direct dependency",
          "status": "passed",
          "title": "binds the complete Messenger runtime and every formerly omitted direct dependency",
          "duration": 16.074562000000014,
          "failureMessages": [],
          "meta": {}
        },
        {
          "ancestorTitles": [
            "Stage 4 protected surface baseline"
          ],
          "fullName": "Stage 4 protected surface baseline fails closed for protected runtime content and path-set drift",
          "status": "passed",
          "title": "fails closed for protected runtime content and path-set drift",
          "duration": 18.955860999999913,
          "failureMessages": [],
          "meta": {}
        },
        {
          "ancestorTitles": [
            "Stage 4 protected surface baseline"
          ],
          "fullName": "Stage 4 protected surface baseline discovers new owned files while leaving unrelated Stage 4 files outside the full freeze",
          "status": "passed",
          "title": "discovers new owned files while leaving unrelated Stage 4 files outside the full freeze",
          "duration": 0.9349569999999403,
          "failureMessages": [],
          "meta": {}
        },
        {
          "ancestorTitles": [
            "Stage 4 protected surface baseline"
          ],
          "fullName": "Stage 4 protected surface baseline reuses the exact six-section f25c Home proof and permits non-Market Dashboard edits",
          "status": "passed",
          "title": "reuses the exact six-section f25c Home proof and permits non-Market Dashboard edits",
          "duration": 7.953461000000061,
          "failureMessages": [],
          "meta": {}
        },
        {
          "ancestorTitles": [
            "Stage 4 protected surface baseline"
          ],
          "fullName": "Stage 4 protected surface baseline freezes AdminMessagesView and TradingSettings as whole files",
          "status": "passed",
          "title": "freezes AdminMessagesView and TradingSettings as whole files",
          "duration": 2.4638400000001184,
          "failureMessages": [],
          "meta": {}
        },
        {
          "ancestorTitles": [
            "Stage 4 protected surface baseline"
          ],
          "fullName": "Stage 4 protected surface baseline locks the full/off and mixed/interior invariants in manifest and runtime source",
          "status": "passed",
          "title": "locks the full/off and mixed/interior invariants in manifest and runtime source",
          "duration": 7.736950999999863,
          "failureMessages": [],
          "meta": {}
        }
      ],
      "startTime": 1786444785954,
      "endTime": 1786444786043.737,
      "status": "passed",
      "message": "",
      "name": "scripts/stage4-protected-surface-guard.test.mjs"
    },
    {
      "assertionResults": [
        {
          "ancestorTitles": [
            "App.vue"
          ],
          "fullName": "App.vue shows the initial spinner until the first route is ready, then renders the route and shell",
          "status": "passed",
          "title": "shows the initial spinner until the first route is ready, then renders the route and shell",
          "duration": 94.95986099999982,
          "failureMessages": [],
          "meta": {}
        },
        {
          "ancestorTitles": [
            "App.vue"
          ],
          "fullName": "App.vue isolates a public route from authenticated shell, connection state, and nav spacing",
          "status": "passed",
          "title": "isolates a public route from authenticated shell, connection state, and nav spacing",
          "duration": 24.4232820000002,
          "failureMessages": [],
          "meta": {}
        },
        {
          "ancestorTitles": [
            "App.vue"
          ],
          "fullName": "App.vue keeps security layers but omits daily navigation for the focused authenticated shell",
          "status": "passed",
          "title": "keeps security layers but omits daily navigation for the focused authenticated shell",
          "duration": 37.039564000000155,
          "failureMessages": [],
          "meta": {}
        },
        {
          "ancestorTitles": [
            "App.vue"
          ],
          "fullName": "App.vue keeps a full-protected route on the unscoped legacy shell branch",
          "status": "passed",
          "title": "keeps a full-protected route on the unscoped legacy shell branch",
          "duration": 237.39960599999995,
          "failureMessages": [],
          "meta": {}
        },
        {
          "ancestorTitles": [
            "App.vue"
          ],
          "fullName": "App.vue keeps Stage 5 workspaces mounted across canonical query changes and remounts on path changes",
          "status": "passed",
          "title": "keeps Stage 5 workspaces mounted across canonical query changes and remounts on path changes",
          "duration": 482.4152939999999,
          "failureMessages": [],
          "meta": {}
        },
        {
          "ancestorTitles": [
            "App.vue"
          ],
          "fullName": "App.vue preserves full-path remounting for protected legacy routes",
          "status": "passed",
          "title": "preserves full-path remounting for protected legacy routes",
          "duration": 37.74872800000003,
          "failureMessages": [],
          "meta": {}
        },
        {
          "ancestorTitles": [
            "App.vue"
          ],
          "fullName": "App.vue renders scoped reconnecting feedback on the standard shell and legacy feedback on protected routes",
          "status": "passed",
          "title": "renders scoped reconnecting feedback on the standard shell and legacy feedback on protected routes",
          "duration": 683.1617919999999,
          "failureMessages": [],
          "meta": {}
        },
        {
          "ancestorTitles": [
            "App.vue"
          ],
          "fullName": "App.vue fails closed for missing route metadata without leaking an authenticated shell",
          "status": "passed",
          "title": "fails closed for missing route metadata without leaking an authenticated shell",
          "duration": 44.84593399999994,
          "failureMessages": [],
          "meta": {}
        },
        {
          "ancestorTitles": [
            "App.vue"
          ],
          "fullName": "App.vue uses an authenticated recovery shell only when local session credentials exist",
          "status": "passed",
          "title": "uses an authenticated recovery shell only when local session credentials exist",
          "duration": 460.03139899999996,
          "failureMessages": [],
          "meta": {}
        },
        {
          "ancestorTitles": [
            "App.vue"
          ],
          "fullName": "App.vue re-evaluates recovery shell authority after same-tab login and logout transitions",
          "status": "passed",
          "title": "re-evaluates recovery shell authority after same-tab login and logout transitions",
          "duration": 728.7100899999996,
          "failureMessages": [],
          "meta": {}
        },
        {
          "ancestorTitles": [
            "App.vue"
          ],
          "fullName": "App.vue fails closed when session storage cannot be read for a recovery route",
          "status": "passed",
          "title": "fails closed when session storage cannot be read for a recovery route",
          "duration": 298.682898,
          "failureMessages": [],
          "meta": {}
        },
        {
          "ancestorTitles": [
            "App.vue"
          ],
          "fullName": "App.vue keys a scoped registration view by path so secret-query scrubbing does not remount it",
          "status": "passed",
          "title": "keys a scoped registration view by path so secret-query scrubbing does not remount it",
          "duration": 312.09165099999973,
          "failureMessages": [],
          "meta": {}
        }
      ],
      "startTime": 1786444547198,
      "endTime": 1786444550642.0916,
      "status": "passed",
      "message": "",
      "name": "src/App.test.ts"
    },
    {
      "assertionResults": [
        {
          "ancestorTitles": [
            "index.html boot recovery privacy boundary"
          ],
          "fullName": "index.html boot recovery privacy boundary contains the expected executable recovery script",
          "status": "passed",
          "title": "contains the expected executable recovery script",
          "duration": 3.86615299999994,
          "failureMessages": [],
          "meta": {}
        },
        {
          "ancestorTitles": [
            "index.html boot recovery privacy boundary"
          ],
          "fullName": "index.html boot recovery privacy boundary starts manual recovery with a path-only replacement",
          "status": "passed",
          "title": "starts manual recovery with a path-only replacement",
          "duration": 10.173444999999901,
          "failureMessages": [],
          "meta": {}
        },
        {
          "ancestorTitles": [
            "index.html boot recovery privacy boundary"
          ],
          "fullName": "index.html boot recovery privacy boundary finishes manual recovery without preserving the original query or fragment",
          "status": "passed",
          "title": "finishes manual recovery without preserving the original query or fragment",
          "duration": 58.237887999999884,
          "failureMessages": [],
          "meta": {}
        },
        {
          "ancestorTitles": [
            "index.html boot recovery privacy boundary"
          ],
          "fullName": "index.html boot recovery privacy boundary uses a path-only replacement for automatic cache recovery",
          "status": "passed",
          "title": "uses a path-only replacement for automatic cache recovery",
          "duration": 12.222883000000138,
          "failureMessages": [],
          "meta": {}
        }
      ],
      "startTime": 1786444793807,
      "endTime": 1786444793891.223,
      "status": "passed",
      "message": "",
      "name": "src/bootRecoveryHtml.test.ts"
    },
    {
      "assertionResults": [
        {
          "ancestorTitles": [
            "main.ts"
          ],
          "fullName": "main.ts bootstraps the app, bounds a path-only preload retry, and registers the service worker",
          "status": "passed",
          "title": "bootstraps the app, bounds a path-only preload retry, and registers the service worker",
          "duration": 103.67472900000007,
          "failureMessages": [],
          "meta": {}
        },
        {
          "ancestorTitles": [
            "main.ts"
          ],
          "fullName": "main.ts shares the preload bound and opens eager recovery without carrying the failed URL",
          "status": "passed",
          "title": "shares the preload bound and opens eager recovery without carrying the failed URL",
          "duration": 26.676627000000053,
          "failureMessages": [],
          "meta": {}
        },
        {
          "ancestorTitles": [
            "main.ts"
          ],
          "fullName": "main.ts keeps the incident bound across a successful reboot before the same preload fails again",
          "status": "passed",
          "title": "keeps the incident bound across a successful reboot before the same preload fails again",
          "duration": 24.54033699999991,
          "failureMessages": [],
          "meta": {}
        },
        {
          "ancestorTitles": [
            "main.ts"
          ],
          "fullName": "main.ts uses replace for the static recovery fallback when eager recovery navigation fails",
          "status": "passed",
          "title": "uses replace for the static recovery fallback when eager recovery navigation fails",
          "duration": 12.645316000000093,
          "failureMessages": [],
          "meta": {}
        },
        {
          "ancestorTitles": [
            "main.ts"
          ],
          "fullName": "main.ts retries Telegram init later and still registers the service worker without waiting for window load",
          "status": "passed",
          "title": "retries Telegram init later and still registers the service worker without waiting for window load",
          "duration": 14.165706999999657,
          "failureMessages": [],
          "meta": {}
        },
        {
          "ancestorTitles": [
            "main.ts"
          ],
          "fullName": "main.ts skips PWA registration when the Playwright disable flag is present",
          "status": "passed",
          "title": "skips PWA registration when the Playwright disable flag is present",
          "duration": 11.894518999999946,
          "failureMessages": [],
          "meta": {}
        },
        {
          "ancestorTitles": [
            "main.ts"
          ],
          "fullName": "main.ts skips PWA registration by default in Playwright browsers",
          "status": "passed",
          "title": "skips PWA registration by default in Playwright browsers",
          "duration": 14.24018500000011,
          "failureMessages": [],
          "meta": {}
        },
        {
          "ancestorTitles": [
            "main.ts"
          ],
          "fullName": "main.ts allows Playwright tests to opt into PWA registration explicitly",
          "status": "passed",
          "title": "allows Playwright tests to opt into PWA registration explicitly",
          "duration": 11.778312999999798,
          "failureMessages": [],
          "meta": {}
        },
        {
          "ancestorTitles": [
            "main.ts"
          ],
          "fullName": "main.ts covers offline-ready logging, setup failures, Telegram init warnings, and storage-cleanup failures",
          "status": "passed",
          "title": "covers offline-ready logging, setup failures, Telegram init warnings, and storage-cleanup failures",
          "duration": 11.93165799999997,
          "failureMessages": [],
          "meta": {}
        }
      ],
      "startTime": 1786444753375,
      "endTime": 1786444753607.9316,
      "status": "passed",
      "message": "",
      "name": "src/main.test.ts"
    },
    {
      "assertionResults": [
        {
          "ancestorTitles": [
            "AdminMessagesView.vue"
          ],
          "fullName": "AdminMessagesView.vue starts with only the two management buttons and opens the market panel on click",
          "status": "passed",
          "title": "starts with only the two management buttons and opens the market panel on click",
          "duration": 787.7039539999996,
          "failureMessages": [],
          "meta": {}
        },
        {
          "ancestorTitles": [
            "AdminMessagesView.vue"
          ],
          "fullName": "AdminMessagesView.vue supports keyboard navigation between management message tabs",
          "status": "passed",
          "title": "supports keyboard navigation between management message tabs",
          "duration": 76.07081500000004,
          "failureMessages": [],
          "meta": {}
        },
        {
          "ancestorTitles": [
            "AdminMessagesView.vue"
          ],
          "fullName": "AdminMessagesView.vue publishes market and chat management messages through their own tabs",
          "status": "passed",
          "title": "publishes market and chat management messages through their own tabs",
          "duration": 137.31784799999969,
          "failureMessages": [],
          "meta": {}
        },
        {
          "ancestorTitles": [
            "AdminMessagesView.vue"
          ],
          "fullName": "AdminMessagesView.vue clears the active market pin from the market lane",
          "status": "passed",
          "title": "clears the active market pin from the market lane",
          "duration": 55.144330999999966,
          "failureMessages": [],
          "meta": {}
        }
      ],
      "startTime": 1786444630853,
      "endTime": 1786444631910.1443,
      "status": "passed",
      "message": "",
      "name": "src/components/AdminMessagesView.test.ts"
    },
    {
      "assertionResults": [
        {
          "ancestorTitles": [
            "AdminPanel.vue"
          ],
          "fullName": "AdminPanel.vue shows the reduced middle-manager actions and emits navigation",
          "status": "passed",
          "title": "shows the reduced middle-manager actions and emits navigation",
          "duration": 476.549802,
          "failureMessages": [],
          "meta": {}
        },
        {
          "ancestorTitles": [
            "AdminPanel.vue"
          ],
          "fullName": "AdminPanel.vue shows the full admin action set for super admin",
          "status": "passed",
          "title": "shows the full admin action set for super admin",
          "duration": 80.97683499999994,
          "failureMessages": [],
          "meta": {}
        },
        {
          "ancestorTitles": [
            "AdminPanel.vue"
          ],
          "fullName": "AdminPanel.vue hides settings action for non-super-admin users",
          "status": "passed",
          "title": "hides settings action for non-super-admin users",
          "duration": 62.87890400000015,
          "failureMessages": [],
          "meta": {}
        }
      ],
      "startTime": 1786444671712,
      "endTime": 1786444672332.879,
      "status": "passed",
      "message": "",
      "name": "src/components/AdminPanel.test.ts"
    },
    {
      "assertionResults": [
        {
          "ancestorTitles": [
            "AppAuthenticatedShell.vue"
          ],
          "fullName": "AppAuthenticatedShell.vue skips eager background recovery when no pending transfer hint exists and forwards ensureSessionValidation",
          "status": "passed",
          "title": "skips eager background recovery when no pending transfer hint exists and forwards ensureSessionValidation",
          "duration": 879.1231290000001,
          "failureMessages": [],
          "meta": {}
        },
        {
          "ancestorTitles": [
            "AppAuthenticatedShell.vue"
          ],
          "fullName": "AppAuthenticatedShell.vue starts background recovery immediately when a pending transfer hint exists",
          "status": "passed",
          "title": "starts background recovery immediately when a pending transfer hint exists",
          "duration": 63.16651300000012,
          "failureMessages": [],
          "meta": {}
        },
        {
          "ancestorTitles": [
            "AppAuthenticatedShell.vue"
          ],
          "fullName": "AppAuthenticatedShell.vue keeps security layers but omits BottomNav in focused authenticated mode",
          "status": "passed",
          "title": "keeps security layers but omits BottomNav in focused authenticated mode",
          "duration": 12.257673999999952,
          "failureMessages": [],
          "meta": {}
        },
        {
          "ancestorTitles": [
            "AppAuthenticatedShell.vue"
          ],
          "fullName": "AppAuthenticatedShell.vue skips session verification without a refresh token and swallows verification failures",
          "status": "passed",
          "title": "skips session verification without a refresh token and swallows verification failures",
          "duration": 10.03765199999998,
          "failureMessages": [],
          "meta": {}
        }
      ],
      "startTime": 1786444659012,
      "endTime": 1786444659977.0376,
      "status": "passed",
      "message": "",
      "name": "src/components/AppAuthenticatedShell.test.ts"
    },
    {
      "assertionResults": [
        {
          "ancestorTitles": [
            "AppToasts.vue"
          ],
          "fullName": "AppToasts.vue uses a named native route button and removes the toast after activation",
          "status": "passed",
          "title": "uses a named native route button and removes the toast after activation",
          "duration": 109.16163400000005,
          "failureMessages": [],
          "meta": {}
        },
        {
          "ancestorTitles": [
            "AppToasts.vue"
          ],
          "fullName": "AppToasts.vue dismisses the toast when the close button is pressed",
          "status": "passed",
          "title": "dismisses the toast when the close button is pressed",
          "duration": 21.275606000000153,
          "failureMessages": [],
          "meta": {}
        },
        {
          "ancestorTitles": [
            "AppToasts.vue"
          ],
          "fullName": "AppToasts.vue renders live toasts through the AppToast tone classes",
          "status": "passed",
          "title": "renders live toasts through the AppToast tone classes",
          "duration": 22.183144999999968,
          "failureMessages": [],
          "meta": {}
        },
        {
          "ancestorTitles": [
            "AppToasts.vue"
          ],
          "fullName": "AppToasts.vue uses the canonical motion token and labelled dismiss action in the V2 shell",
          "status": "passed",
          "title": "uses the canonical motion token and labelled dismiss action in the V2 shell",
          "duration": 19.492670999999973,
          "failureMessages": [],
          "meta": {}
        },
        {
          "ancestorTitles": [
            "AppToasts.vue"
          ],
          "fullName": "AppToasts.vue keeps legacy transition, semantics, and security-layer behavior outside the V2 shell",
          "status": "passed",
          "title": "keeps legacy transition, semantics, and security-layer behavior outside the V2 shell",
          "duration": 27.80002800000011,
          "failureMessages": [],
          "meta": {}
        },
        {
          "ancestorTitles": [
            "AppToasts.vue"
          ],
          "fullName": "AppToasts.vue makes the toast layer inert and hidden from assistive technology during a security choice",
          "status": "passed",
          "title": "makes the toast layer inert and hidden from assistive technology during a security choice",
          "duration": 28.709212000000207,
          "failureMessages": [],
          "meta": {}
        },
        {
          "ancestorTitles": [
            "AppToasts.vue"
          ],
          "fullName": "AppToasts.vue does not apply the legacy swipe scale transform in the V2 shell",
          "status": "passed",
          "title": "does not apply the legacy swipe scale transform in the V2 shell",
          "duration": 19.093708999999762,
          "failureMessages": [],
          "meta": {}
        },
        {
          "ancestorTitles": [
            "AppToasts.vue"
          ],
          "fullName": "AppToasts.vue ignores click navigation while the user is swiping and dismisses after a large swipe",
          "status": "passed",
          "title": "ignores click navigation while the user is swiping and dismisses after a large swipe",
          "duration": 28.205831000000217,
          "failureMessages": [],
          "meta": {}
        },
        {
          "ancestorTitles": [
            "AppToasts.vue"
          ],
          "fullName": "AppToasts.vue keeps a route-less toast non-interactive and leaves dismissal to the separate control",
          "status": "passed",
          "title": "keeps a route-less toast non-interactive and leaves dismissal to the separate control",
          "duration": 30.55741500000022,
          "failureMessages": [],
          "meta": {}
        },
        {
          "ancestorTitles": [
            "AppToasts.vue"
          ],
          "fullName": "AppToasts.vue keeps toast context for unsafe, failed, and recovery-redirected navigation",
          "status": "passed",
          "title": "keeps toast context for unsafe, failed, and recovery-redirected navigation",
          "duration": 44.458842000000004,
          "failureMessages": [],
          "meta": {}
        },
        {
          "ancestorTitles": [
            "AppToasts.vue"
          ],
          "fullName": "AppToasts.vue pauses auto-dismiss for focus, hover, and a blocking security layer",
          "status": "passed",
          "title": "pauses auto-dismiss for focus, hover, and a blocking security layer",
          "duration": 67.38240799999994,
          "failureMessages": [],
          "meta": {}
        }
      ],
      "startTime": 1786444699327,
      "endTime": 1786444699745.3823,
      "status": "passed",
      "message": "",
      "name": "src/components/AppToasts.test.ts"
    },
    {
      "assertionResults": [
        {
          "ancestorTitles": [
            "BottomNav.vue"
          ],
          "fullName": "BottomNav.vue adds canonical navigation hooks only for an explicitly scoped V2 shell",
          "status": "passed",
          "title": "adds canonical navigation hooks only for an explicitly scoped V2 shell",
          "duration": 628.9600499999999,
          "failureMessages": [],
          "meta": {}
        },
        {
          "ancestorTitles": [
            "BottomNav.vue"
          ],
          "fullName": "BottomNav.vue shows the operations entry immediately from an authoritative cached identity",
          "status": "passed",
          "title": "shows the operations entry immediately from an authoritative cached identity",
          "duration": 56.585349000000406,
          "failureMessages": [],
          "meta": {}
        },
        {
          "ancestorTitles": [
            "BottomNav.vue"
          ],
          "fullName": "BottomNav.vue keeps Market and Operations hidden for a role-only cached identity",
          "status": "passed",
          "title": "keeps Market and Operations hidden for a role-only cached identity",
          "duration": 46.37420699999984,
          "failureMessages": [],
          "meta": {}
        },
        {
          "ancestorTitles": [
            "BottomNav.vue"
          ],
          "fullName": "BottomNav.vue primes the current user, toggles the FAB menu, collapses on route changes, and renders disabled plus capped unread states",
          "status": "passed",
          "title": "primes the current user, toggles the FAB menu, collapses on route changes, and renders disabled plus capped unread states",
          "duration": 135.3537879999999,
          "failureMessages": [],
          "meta": {}
        },
        {
          "ancestorTitles": [
            "BottomNav.vue"
          ],
          "fullName": "BottomNav.vue hides market and the empty operations destination for accountant users",
          "status": "passed",
          "title": "hides market and the empty operations destination for accountant users",
          "duration": 29.738272999999936,
          "failureMessages": [],
          "meta": {}
        },
        {
          "ancestorTitles": [
            "BottomNav.vue"
          ],
          "fullName": "BottomNav.vue hides the empty operations destination for customer users",
          "status": "passed",
          "title": "hides the empty operations destination for customer users",
          "duration": 33.76571000000013,
          "failureMessages": [],
          "meta": {}
        },
        {
          "ancestorTitles": [
            "BottomNav.vue"
          ],
          "fullName": "BottomNav.vue hides Market for an inactive account while retaining its permitted daily destinations",
          "status": "passed",
          "title": "hides Market for an inactive account while retaining its permitted daily destinations",
          "duration": 44.386083000000326,
          "failureMessages": [],
          "meta": {}
        },
        {
          "ancestorTitles": [
            "BottomNav.vue"
          ],
          "fullName": "BottomNav.vue keeps operations and account tabs active for the new workspace route names",
          "status": "passed",
          "title": "keeps operations and account tabs active for the new workspace route names",
          "duration": 75.33935900000006,
          "failureMessages": [],
          "meta": {}
        },
        {
          "ancestorTitles": [
            "BottomNav.vue"
          ],
          "fullName": "BottomNav.vue shows a red closed marker on the market navigation item when the market is closed",
          "status": "passed",
          "title": "shows a red closed marker on the market navigation item when the market is closed",
          "duration": 48.63330099999985,
          "failureMessages": [],
          "meta": {}
        },
        {
          "ancestorTitles": [
            "BottomNav.vue"
          ],
          "fullName": "BottomNav.vue restores the persisted FAB position for messenger and ignores malformed stored coordinates",
          "status": "passed",
          "title": "restores the persisted FAB position for messenger and ignores malformed stored coordinates",
          "duration": 51.727832000000035,
          "failureMessages": [],
          "meta": {}
        },
        {
          "ancestorTitles": [
            "BottomNav.vue"
          ],
          "fullName": "BottomNav.vue ignores non-numeric saved FAB coordinates and supports touch dragging with changedTouches fallback",
          "status": "passed",
          "title": "ignores non-numeric saved FAB coordinates and supports touch dragging with changedTouches fallback",
          "duration": 102.8585350000003,
          "failureMessages": [],
          "meta": {}
        },
        {
          "ancestorTitles": [
            "BottomNav.vue"
          ],
          "fullName": "BottomNav.vue renders disabled entries inside the expanded FAB menu when a nav item is flagged disabled",
          "status": "passed",
          "title": "renders disabled entries inside the expanded FAB menu when a nav item is flagged disabled",
          "duration": 64.68616999999995,
          "failureMessages": [],
          "meta": {}
        },
        {
          "ancestorTitles": [
            "BottomNav.vue"
          ],
          "fullName": "BottomNav.vue positions the expanded FAB menu toward visible viewport space near screen edges",
          "status": "passed",
          "title": "positions the expanded FAB menu toward visible viewport space near screen edges",
          "duration": 111.47458500000039,
          "failureMessages": [],
          "meta": {}
        },
        {
          "ancestorTitles": [
            "BottomNav.vue"
          ],
          "fullName": "BottomNav.vue drags the FAB with mouse events, persists the bounded position, and ignores toggle clicks while dragging",
          "status": "passed",
          "title": "drags the FAB with mouse events, persists the bounded position, and ignores toggle clicks while dragging",
          "duration": 82.146839,
          "failureMessages": [],
          "meta": {}
        }
      ],
      "startTime": 1786444598547,
      "endTime": 1786444600064.1467,
      "status": "passed",
      "message": "",
      "name": "src/components/BottomNav.test.ts"
    },
    {
      "assertionResults": [
        {
          "ancestorTitles": [
            "ChatView.vue"
          ],
          "fullName": "ChatView.vue syncs selected conversation route while preserving unrelated array query values",
          "status": "passed",
          "title": "syncs selected conversation route while preserving unrelated array query values",
          "duration": 5208.942041,
          "failureMessages": [],
          "meta": {}
        },
        {
          "ancestorTitles": [
            "ChatView.vue"
          ],
          "fullName": "ChatView.vue keeps bottom messages anchored when the messages container height changes",
          "status": "passed",
          "title": "keeps bottom messages anchored when the messages container height changes",
          "duration": 93.2325920000003,
          "failureMessages": [],
          "meta": {}
        },
        {
          "ancestorTitles": [
            "ChatView.vue"
          ],
          "fullName": "ChatView.vue keeps bottom messages anchored when media content increases scroll height during chat open",
          "status": "passed",
          "title": "keeps bottom messages anchored when media content increases scroll height during chat open",
          "duration": 37.14338400000088,
          "failureMessages": [],
          "meta": {}
        },
        {
          "ancestorTitles": [
            "ChatView.vue"
          ],
          "fullName": "ChatView.vue covers exposed helper branches for payload normalization, local actions, and ordering",
          "status": "passed",
          "title": "covers exposed helper branches for payload normalization, local actions, and ordering",
          "duration": 65.58390500000132,
          "failureMessages": [],
          "meta": {}
        },
        {
          "ancestorTitles": [
            "ChatView.vue"
          ],
          "fullName": "ChatView.vue covers scroll metric helper branches and selection-anchor restoration",
          "status": "passed",
          "title": "covers scroll metric helper branches and selection-anchor restoration",
          "duration": 53.33215200000086,
          "failureMessages": [],
          "meta": {}
        },
        {
          "ancestorTitles": [
            "ChatView.vue"
          ],
          "fullName": "ChatView.vue covers exposed send, forward, recovery, and navigation orchestration branches",
          "status": "passed",
          "title": "covers exposed send, forward, recovery, and navigation orchestration branches",
          "duration": 174.9381629999989,
          "failureMessages": [],
          "meta": {}
        },
        {
          "ancestorTitles": [
            "ChatView.vue"
          ],
          "fullName": "ChatView.vue renders pinned document previews and unpins from the banner",
          "status": "passed",
          "title": "renders pinned document previews and unpins from the banner",
          "duration": 64.95905399999901,
          "failureMessages": [],
          "meta": {}
        },
        {
          "ancestorTitles": [
            "ChatView.vue"
          ],
          "fullName": "ChatView.vue registers manager and admin overlays on the back stack and closes them from the back callback",
          "status": "passed",
          "title": "registers manager and admin overlays on the back stack and closes them from the back callback",
          "duration": 43.54400899999928,
          "failureMessages": [],
          "meta": {}
        },
        {
          "ancestorTitles": [
            "ChatView.vue"
          ],
          "fullName": "ChatView.vue closes current action surfaces before opening forward flows or leaving for public profile",
          "status": "passed",
          "title": "closes current action surfaces before opening forward flows or leaving for public profile",
          "duration": 91.77795100000003,
          "failureMessages": [],
          "meta": {}
        },
        {
          "ancestorTitles": [
            "ChatView.vue"
          ],
          "fullName": "ChatView.vue rolls back optimistic reactions when the reaction request fails",
          "status": "passed",
          "title": "rolls back optimistic reactions when the reaction request fails",
          "duration": 64.09068000000116,
          "failureMessages": [],
          "meta": {}
        },
        {
          "ancestorTitles": [
            "ChatView.vue"
          ],
          "fullName": "ChatView.vue cancels local-only selected messages without calling the delete API",
          "status": "passed",
          "title": "cancels local-only selected messages without calling the delete API",
          "duration": 69.310066,
          "failureMessages": [],
          "meta": {}
        },
        {
          "ancestorTitles": [
            "ChatView.vue"
          ],
          "fullName": "ChatView.vue allows accountants to start a brand-new direct chat through startNewChat",
          "status": "passed",
          "title": "allows accountants to start a brand-new direct chat through startNewChat",
          "duration": 28.004892000000837,
          "failureMessages": [],
          "meta": {}
        },
        {
          "ancestorTitles": [
            "ChatView.vue"
          ],
          "fullName": "ChatView.vue opens positive route targets for accountants when no direct conversation exists yet",
          "status": "passed",
          "title": "opens positive route targets for accountants when no direct conversation exists yet",
          "duration": 38.96820999999909,
          "failureMessages": [],
          "meta": {}
        },
        {
          "ancestorTitles": [
            "ChatView.vue"
          ],
          "fullName": "ChatView.vue allows accountants to open the new conversation modal from the list entry point",
          "status": "passed",
          "title": "allows accountants to open the new conversation modal from the list entry point",
          "duration": 24.820251000001008,
          "failureMessages": [],
          "meta": {}
        },
        {
          "ancestorTitles": [
            "ChatView.vue"
          ],
          "fullName": "ChatView.vue allows accountants to start group creation from the header action",
          "status": "passed",
          "title": "allows accountants to start group creation from the header action",
          "duration": 23.16405399999894,
          "failureMessages": [],
          "meta": {}
        },
        {
          "ancestorTitles": [
            "ChatView.vue"
          ],
          "fullName": "ChatView.vue blocks customers from starting group creation from the header action",
          "status": "passed",
          "title": "blocks customers from starting group creation from the header action",
          "duration": 165.89625999999953,
          "failureMessages": [],
          "meta": {}
        },
        {
          "ancestorTitles": [
            "ChatView.vue"
          ],
          "fullName": "ChatView.vue opens the new conversation modal and routes its create-group action into the group manager",
          "status": "passed",
          "title": "opens the new conversation modal and routes its create-group action into the group manager",
          "duration": 42.02512700000079,
          "failureMessages": [],
          "meta": {}
        },
        {
          "ancestorTitles": [
            "ChatView.vue"
          ],
          "fullName": "ChatView.vue covers named-room unavailable callback and stale missing-room cleanup paths",
          "status": "passed",
          "title": "covers named-room unavailable callback and stale missing-room cleanup paths",
          "duration": 38.44848099999945,
          "failureMessages": [],
          "meta": {}
        },
        {
          "ancestorTitles": [
            "ChatView.vue"
          ],
          "fullName": "ChatView.vue allows accountant route targets when the direct conversation already exists",
          "status": "passed",
          "title": "allows accountant route targets when the direct conversation already exists",
          "duration": 26.369877999999517,
          "failureMessages": [],
          "meta": {}
        },
        {
          "ancestorTitles": [
            "ChatView.vue"
          ],
          "fullName": "ChatView.vue opens the owner public profile from a direct conversation when additive profile metadata exists",
          "status": "passed",
          "title": "opens the owner public profile from a direct conversation when additive profile metadata exists",
          "duration": 40.19869000000108,
          "failureMessages": [],
          "meta": {}
        },
        {
          "ancestorTitles": [
            "ChatView.vue"
          ],
          "fullName": "ChatView.vue runs global search and opens the selected direct conversation around the result",
          "status": "passed",
          "title": "runs global search and opens the selected direct conversation around the result",
          "duration": 45.729943999998795,
          "failureMessages": [],
          "meta": {}
        },
        {
          "ancestorTitles": [
            "ChatView.vue"
          ],
          "fullName": "ChatView.vue preserves new direct chat role badges in the header placeholder",
          "status": "passed",
          "title": "preserves new direct chat role badges in the header placeholder",
          "duration": 39.79798099999971,
          "failureMessages": [],
          "meta": {}
        },
        {
          "ancestorTitles": [
            "ChatView.vue"
          ],
          "fullName": "ChatView.vue uses customer management names for new direct chat placeholders",
          "status": "passed",
          "title": "uses customer management names for new direct chat placeholders",
          "duration": 37.937605999999505,
          "failureMessages": [],
          "meta": {}
        },
        {
          "ancestorTitles": [
            "ChatView.vue"
          ],
          "fullName": "ChatView.vue navigates in-chat search results and toggles the in-chat result list",
          "status": "passed",
          "title": "navigates in-chat search results and toggles the in-chat result list",
          "duration": 75.76899400000002,
          "failureMessages": [],
          "meta": {}
        },
        {
          "ancestorTitles": [
            "ChatView.vue"
          ],
          "fullName": "ChatView.vue handles direct mute actions from the conversation list and refreshes local mute state",
          "status": "passed",
          "title": "handles direct mute actions from the conversation list and refreshes local mute state",
          "duration": 24.231267999999545,
          "failureMessages": [],
          "meta": {}
        },
        {
          "ancestorTitles": [
            "ChatView.vue"
          ],
          "fullName": "ChatView.vue pins a direct conversation from the list",
          "status": "passed",
          "title": "pins a direct conversation from the list",
          "duration": 21.806682000000364,
          "failureMessages": [],
          "meta": {}
        },
        {
          "ancestorTitles": [
            "ChatView.vue"
          ],
          "fullName": "ChatView.vue moves a pinned group conversation upward from the list",
          "status": "passed",
          "title": "moves a pinned group conversation upward from the list",
          "duration": 18.537011000000348,
          "failureMessages": [],
          "meta": {}
        },
        {
          "ancestorTitles": [
            "ChatView.vue"
          ],
          "fullName": "ChatView.vue marks a channel conversation as unread from the list",
          "status": "passed",
          "title": "marks a channel conversation as unread from the list",
          "duration": 56.05102099999931,
          "failureMessages": [],
          "meta": {}
        },
        {
          "ancestorTitles": [
            "ChatView.vue"
          ],
          "fullName": "ChatView.vue deletes a direct conversation from the list",
          "status": "passed",
          "title": "deletes a direct conversation from the list",
          "duration": 27.21253599999909,
          "failureMessages": [],
          "meta": {}
        },
        {
          "ancestorTitles": [
            "ChatView.vue"
          ],
          "fullName": "ChatView.vue routes group leave and channel unfollow actions to their dedicated endpoints",
          "status": "passed",
          "title": "routes group leave and channel unfollow actions to their dedicated endpoints",
          "duration": 37.2102560000003,
          "failureMessages": [],
          "meta": {}
        },
        {
          "ancestorTitles": [
            "ChatView.vue"
          ],
          "fullName": "ChatView.vue opens the context menu for a text message and copies its content",
          "status": "passed",
          "title": "opens the context menu for a text message and copies its content",
          "duration": 49.8440810000011,
          "failureMessages": [],
          "meta": {}
        },
        {
          "ancestorTitles": [
            "ChatView.vue"
          ],
          "fullName": "ChatView.vue enters edit mode from the message context menu",
          "status": "passed",
          "title": "enters edit mode from the message context menu",
          "duration": 40.08611799999926,
          "failureMessages": [],
          "meta": {}
        },
        {
          "ancestorTitles": [
            "ChatView.vue"
          ],
          "fullName": "ChatView.vue pins the context-menu message through the pin endpoint",
          "status": "passed",
          "title": "pins the context-menu message through the pin endpoint",
          "duration": 38.27956699999959,
          "failureMessages": [],
          "meta": {}
        },
        {
          "ancestorTitles": [
            "ChatView.vue"
          ],
          "fullName": "ChatView.vue reports pin-message failures through the inline toast",
          "status": "passed",
          "title": "reports pin-message failures through the inline toast",
          "duration": 48.17848299999969,
          "failureMessages": [],
          "meta": {}
        },
        {
          "ancestorTitles": [
            "ChatView.vue"
          ],
          "fullName": "ChatView.vue toggles a message reaction directly from the bubble event",
          "status": "passed",
          "title": "toggles a message reaction directly from the bubble event",
          "duration": 41.94532199999958,
          "failureMessages": [],
          "meta": {}
        },
        {
          "ancestorTitles": [
            "ChatView.vue"
          ],
          "fullName": "ChatView.vue reacts to the context-menu message and closes the menu",
          "status": "passed",
          "title": "reacts to the context-menu message and closes the menu",
          "duration": 42.47135700000035,
          "failureMessages": [],
          "meta": {}
        },
        {
          "ancestorTitles": [
            "ChatView.vue"
          ],
          "fullName": "ChatView.vue opens media clicks through the lightbox handler in normal mode",
          "status": "passed",
          "title": "opens media clicks through the lightbox handler in normal mode",
          "duration": 32.89907400000084,
          "failureMessages": [],
          "meta": {}
        },
        {
          "ancestorTitles": [
            "ChatView.vue"
          ],
          "fullName": "ChatView.vue downloads uncached media first when saving from the context menu",
          "status": "passed",
          "title": "downloads uncached media first when saving from the context menu",
          "duration": 45.57649599999968,
          "failureMessages": [],
          "meta": {}
        },
        {
          "ancestorTitles": [
            "ChatView.vue"
          ],
          "fullName": "ChatView.vue saves cached media through a temporary anchor without re-downloading",
          "status": "passed",
          "title": "saves cached media through a temporary anchor without re-downloading",
          "duration": 39.58779200000026,
          "failureMessages": [],
          "meta": {}
        },
        {
          "ancestorTitles": [
            "ChatView.vue"
          ],
          "fullName": "ChatView.vue toggles message selection instead of reopening the context menu while selection mode is active",
          "status": "passed",
          "title": "toggles message selection instead of reopening the context menu while selection mode is active",
          "duration": 34.602202000000034,
          "failureMessages": [],
          "meta": {}
        },
        {
          "ancestorTitles": [
            "ChatView.vue"
          ],
          "fullName": "ChatView.vue keeps media clicks inside selection mode instead of opening the lightbox",
          "status": "passed",
          "title": "keeps media clicks inside selection mode instead of opening the lightbox",
          "duration": 33.06308900000113,
          "failureMessages": [],
          "meta": {}
        },
        {
          "ancestorTitles": [
            "ChatView.vue"
          ],
          "fullName": "ChatView.vue deletes the context-menu message and removes it from the visible list",
          "status": "passed",
          "title": "deletes the context-menu message and removes it from the visible list",
          "duration": 42.10184699999991,
          "failureMessages": [],
          "meta": {}
        },
        {
          "ancestorTitles": [
            "ChatView.vue"
          ],
          "fullName": "ChatView.vue closes the context menu without copying when the message is not text",
          "status": "passed",
          "title": "closes the context menu without copying when the message is not text",
          "duration": 25.897107000000688,
          "failureMessages": [],
          "meta": {}
        },
        {
          "ancestorTitles": [
            "ChatView.vue"
          ],
          "fullName": "ChatView.vue copies selected text messages from selection mode and clears the selection",
          "status": "passed",
          "title": "copies selected text messages from selection mode and clears the selection",
          "duration": 38.854660999999396,
          "failureMessages": [],
          "meta": {}
        },
        {
          "ancestorTitles": [
            "ChatView.vue"
          ],
          "fullName": "ChatView.vue replies to a single selected message and exits selection mode",
          "status": "passed",
          "title": "replies to a single selected message and exits selection mode",
          "duration": 39.00539799999933,
          "failureMessages": [],
          "meta": {}
        },
        {
          "ancestorTitles": [
            "ChatView.vue"
          ],
          "fullName": "ChatView.vue opens the forward modal from selected messages",
          "status": "passed",
          "title": "opens the forward modal from selected messages",
          "duration": 31.426281000000017,
          "failureMessages": [],
          "meta": {}
        },
        {
          "ancestorTitles": [
            "ChatView.vue"
          ],
          "fullName": "ChatView.vue uses the source channel title when forwarding a channel post",
          "status": "passed",
          "title": "uses the source channel title when forwarding a channel post",
          "duration": 28.29497199999969,
          "failureMessages": [],
          "meta": {}
        },
        {
          "ancestorTitles": [
            "ChatView.vue"
          ],
          "fullName": "ChatView.vue forwards a full image album to both direct and group targets with fresh album metadata",
          "status": "passed",
          "title": "forwards a full image album to both direct and group targets with fresh album metadata",
          "duration": 44.12616999999955,
          "failureMessages": [],
          "meta": {}
        },
        {
          "ancestorTitles": [
            "ChatView.vue"
          ],
          "fullName": "ChatView.vue strips album metadata when forwarding only one media item from an album",
          "status": "passed",
          "title": "strips album metadata when forwarding only one media item from an album",
          "duration": 41.31610499999988,
          "failureMessages": [],
          "meta": {}
        },
        {
          "ancestorTitles": [
            "ChatView.vue"
          ],
          "fullName": "ChatView.vue alerts and skips forwarding when every selected target is unsupported",
          "status": "passed",
          "title": "alerts and skips forwarding when every selected target is unsupported",
          "duration": 37.90517799999907,
          "failureMessages": [],
          "meta": {}
        },
        {
          "ancestorTitles": [
            "ChatView.vue"
          ],
          "fullName": "ChatView.vue reports mixed unsupported forward targets after sending to supported targets",
          "status": "passed",
          "title": "reports mixed unsupported forward targets after sending to supported targets",
          "duration": 69.27231399999982,
          "failureMessages": [],
          "meta": {}
        },
        {
          "ancestorTitles": [
            "ChatView.vue"
          ],
          "fullName": "ChatView.vue reports total and partial forward failures without blocking successful targets",
          "status": "passed",
          "title": "reports total and partial forward failures without blocking successful targets",
          "duration": 100.84432300000117,
          "failureMessages": [],
          "meta": {}
        },
        {
          "ancestorTitles": [
            "ChatView.vue"
          ],
          "fullName": "ChatView.vue routes recovery actions through the session recovery API and reports failures inline",
          "status": "passed",
          "title": "routes recovery actions through the session recovery API and reports failures inline",
          "duration": 31.884328000000096,
          "failureMessages": [],
          "meta": {}
        },
        {
          "ancestorTitles": [
            "ChatView.vue"
          ],
          "fullName": "ChatView.vue deletes selected messages from selection mode and clears the selection",
          "status": "passed",
          "title": "deletes selected messages from selection mode and clears the selection",
          "duration": 40.29048299999886,
          "failureMessages": [],
          "meta": {}
        },
        {
          "ancestorTitles": [
            "ChatView.vue"
          ],
          "fullName": "ChatView.vue selects a conversation from the list and clears it through the header back action",
          "status": "passed",
          "title": "selects a conversation from the list and clears it through the header back action",
          "duration": 28.04778200000146,
          "failureMessages": [],
          "meta": {}
        },
        {
          "ancestorTitles": [
            "ChatView.vue"
          ],
          "fullName": "ChatView.vue keeps one conversation-level back state while switching between multiple rooms",
          "status": "passed",
          "title": "keeps one conversation-level back state while switching between multiple rooms",
          "duration": 35.52135500000077,
          "failureMessages": [],
          "meta": {}
        },
        {
          "ancestorTitles": [
            "ChatView.vue"
          ],
          "fullName": "ChatView.vue does not register a base back-state handler on mount and emits back directly from the list state",
          "status": "passed",
          "title": "does not register a base back-state handler on mount and emits back directly from the list state",
          "duration": 12.749996000000465,
          "failureMessages": [],
          "meta": {}
        },
        {
          "ancestorTitles": [
            "ChatView.vue"
          ],
          "fullName": "ChatView.vue opens a newly created group conversation and pushes a back-state cleanup callback",
          "status": "passed",
          "title": "opens a newly created group conversation and pushes a back-state cleanup callback",
          "duration": 24.106137000000672,
          "failureMessages": [],
          "meta": {}
        },
        {
          "ancestorTitles": [
            "ChatView.vue"
          ],
          "fullName": "ChatView.vue updates the selected group title when the group manager emits an update",
          "status": "passed",
          "title": "updates the selected group title when the group manager emits an update",
          "duration": 38.65931900000032,
          "failureMessages": [],
          "meta": {}
        },
        {
          "ancestorTitles": [
            "ChatView.vue"
          ],
          "fullName": "ChatView.vue clears the active group conversation when the group manager emits left",
          "status": "passed",
          "title": "clears the active group conversation when the group manager emits left",
          "duration": 26.625960000001214,
          "failureMessages": [],
          "meta": {}
        },
        {
          "ancestorTitles": [
            "ChatView.vue"
          ],
          "fullName": "ChatView.vue opens an existing channel conversation from the channel manager",
          "status": "passed",
          "title": "opens an existing channel conversation from the channel manager",
          "duration": 26.76275799999894,
          "failureMessages": [],
          "meta": {}
        },
        {
          "ancestorTitles": [
            "ChatView.vue"
          ],
          "fullName": "ChatView.vue opens a fallback channel conversation when the manager target is not in the conversation list yet",
          "status": "passed",
          "title": "opens a fallback channel conversation when the manager target is not in the conversation list yet",
          "duration": 33.946820999999545,
          "failureMessages": [],
          "meta": {}
        },
        {
          "ancestorTitles": [
            "ChatView.vue"
          ],
          "fullName": "ChatView.vue refreshes the selected channel title when the channel manager requests a conversation refresh",
          "status": "passed",
          "title": "refreshes the selected channel title when the channel manager requests a conversation refresh",
          "duration": 33.01101400000152,
          "failureMessages": [],
          "meta": {}
        },
        {
          "ancestorTitles": [
            "ChatView.vue"
          ],
[...]
          "status": "passed",
          "title": "forces repeated bottom scrolls and updates scroll state via the rAF throttled handler",
          "duration": 5.372237999999925,
          "failureMessages": [],
          "meta": {}
        },
        {
          "ancestorTitles": [
            "useChatScroll"
          ],
          "fullName": "useChatScroll scrolls to the first unread bubble or falls back to the bottom when no unread exists",
          "status": "passed",
          "title": "scrolls to the first unread bubble or falls back to the bottom when no unread exists",
          "duration": 23.660317000000077,
          "failureMessages": [],
          "meta": {}
        },
        {
          "ancestorTitles": [
            "useChatScroll"
          ],
          "fullName": "useChatScroll does not jump to unread-looking messages sent by the current user",
          "status": "passed",
          "title": "does not jump to unread-looking messages sent by the current user",
          "duration": 5.976441999999906,
          "failureMessages": [],
          "meta": {}
        },
        {
          "ancestorTitles": [
            "useChatScroll"
          ],
          "fullName": "useChatScroll highlights a replied message and centers it in the scroll container",
          "status": "passed",
          "title": "highlights a replied message and centers it in the scroll container",
          "duration": 8.592615000000023,
          "failureMessages": [],
          "meta": {}
        },
        {
          "ancestorTitles": [
            "useChatScroll"
          ],
          "fullName": "useChatScroll cancels stale message-jump animation when a newer bottom scroll starts",
          "status": "passed",
          "title": "cancels stale message-jump animation when a newer bottom scroll starts",
          "duration": 5.4786629999998695,
          "failureMessages": [],
          "meta": {}
        },
        {
          "ancestorTitles": [
            "useChatScroll"
          ],
          "fullName": "useChatScroll marks unread messages as read when the scroll handler reaches the bottom",
          "status": "passed",
          "title": "marks unread messages as read when the scroll handler reaches the bottom",
          "duration": 2.385195000000067,
          "failureMessages": [],
          "meta": {}
        }
      ],
      "startTime": 1786444792325,
      "endTime": 1786444792398.3853,
      "status": "passed",
      "message": "",
      "name": "src/composables/chat/useChatScroll.test.ts"
    },
    {
      "assertionResults": [
        {
          "ancestorTitles": [
            "useChatWebSocket"
          ],
          "fullName": "useChatWebSocket registers websocket listeners on mount and removes them on unmount",
          "status": "passed",
          "title": "registers websocket listeners on mount and removes them on unmount",
          "duration": 53.70500700000002,
          "failureMessages": [],
          "meta": {}
        },
        {
          "ancestorTitles": [
            "useChatWebSocket"
          ],
          "fullName": "useChatWebSocket sends throttled typing activity for direct and room conversations",
          "status": "passed",
          "title": "sends throttled typing activity for direct and room conversations",
          "duration": 11.188403999999991,
          "failureMessages": [],
          "meta": {}
        },
        {
          "ancestorTitles": [
            "useChatWebSocket"
          ],
          "fullName": "useChatWebSocket tracks typing and upload activity labels and clears timed-out direct typing state",
          "status": "passed",
          "title": "tracks typing and upload activity labels and clears timed-out direct typing state",
          "duration": 72.28498900000022,
          "failureMessages": [],
          "meta": {}
        },
        {
          "ancestorTitles": [
            "useChatWebSocket"
          ],
          "fullName": "useChatWebSocket covers fallback activity labels, repeated typing updates, and invalid activity payloads",
          "status": "passed",
          "title": "covers fallback activity labels, repeated typing updates, and invalid activity payloads",
          "duration": 10.614231000000018,
          "failureMessages": [],
          "meta": {}
        },
        {
          "ancestorTitles": [
            "useChatWebSocket"
          ],
          "fullName": "useChatWebSocket appends incoming open-chat messages, updates previews, and upserts missing conversations without reloads",
          "status": "passed",
          "title": "appends incoming open-chat messages, updates previews, and upserts missing conversations without reloads",
          "duration": 18.882063000000016,
          "failureMessages": [],
          "meta": {}
        },
        {
          "ancestorTitles": [
            "useChatWebSocket"
          ],
          "fullName": "useChatWebSocket keeps the reload fallback only for realtime messages without a conversation key",
          "status": "passed",
          "title": "keeps the reload fallback only for realtime messages without a conversation key",
          "duration": 9.158595999999761,
          "failureMessages": [],
          "meta": {}
        },
        {
          "ancestorTitles": [
            "useChatWebSocket"
          ],
          "fullName": "useChatWebSocket increments unread counts for inactive conversations and handles deleted previews",
          "status": "passed",
          "title": "increments unread counts for inactive conversations and handles deleted previews",
          "duration": 8.076121999999941,
          "failureMessages": [],
          "meta": {}
        },
        {
          "ancestorTitles": [
            "useChatWebSocket"
          ],
          "fullName": "useChatWebSocket coalesces inactive conversation bursts into one conversation patch with accumulated unread count",
          "status": "passed",
          "title": "coalesces inactive conversation bursts into one conversation patch with accumulated unread count",
          "duration": 10.184206000000358,
          "failureMessages": [],
          "meta": {}
        },
        {
          "ancestorTitles": [
            "useChatWebSocket"
          ],
          "fullName": "useChatWebSocket keeps inactive conversation previews ordered when realtime messages arrive out of order",
          "status": "passed",
          "title": "keeps inactive conversation previews ordered when realtime messages arrive out of order",
          "duration": 10.70860300000004,
          "failureMessages": [],
          "meta": {}
        },
        {
          "ancestorTitles": [
            "useChatWebSocket"
          ],
          "fullName": "useChatWebSocket falls back to loadMessages for incomplete payloads and patches direct read receipts in place",
          "status": "passed",
          "title": "falls back to loadMessages for incomplete payloads and patches direct read receipts in place",
          "duration": 11.057227000000239,
          "failureMessages": [],
          "meta": {}
        },
        {
          "ancestorTitles": [
            "useChatWebSocket"
          ],
          "fullName": "useChatWebSocket ignores other-member room read events and normalizes reaction payloads",
          "status": "passed",
          "title": "ignores other-member room read events and normalizes reaction payloads",
          "duration": 9.024423999999726,
          "failureMessages": [],
          "meta": {}
        },
        {
          "ancestorTitles": [
            "useChatWebSocket"
          ],
          "fullName": "useChatWebSocket covers typing failures and ignores invalid or unknown reaction events",
          "status": "passed",
          "title": "covers typing failures and ignores invalid or unknown reaction events",
          "duration": 13.14468799999986,
          "failureMessages": [],
          "meta": {}
        },
        {
          "ancestorTitles": [
            "useChatWebSocket"
          ],
          "fullName": "useChatWebSocket coalesces open-chat message bursts into one read+scroll follow-up",
          "status": "passed",
          "title": "coalesces open-chat message bursts into one read+scroll follow-up",
          "duration": 7.9941939999998795,
          "failureMessages": [],
          "meta": {}
        },
        {
          "ancestorTitles": [
            "useChatWebSocket"
          ],
          "fullName": "useChatWebSocket clears active typing timeouts during unmount teardown",
          "status": "passed",
          "title": "clears active typing timeouts during unmount teardown",
          "duration": 6.89550700000018,
          "failureMessages": [],
          "meta": {}
        }
      ],
      "startTime": 1786444744266,
      "endTime": 1786444744518.8955,
      "status": "passed",
      "message": "",
      "name": "src/composables/chat/useChatWebSocket.test.ts"
    },
    {
      "assertionResults": [
        {
          "ancestorTitles": [
            "chatCacheRepository"
          ],
          "fullName": "chatCacheRepository keys cached data by user and schema version",
          "status": "passed",
          "title": "keys cached data by user and schema version",
          "duration": 3.764282000000094,
          "failureMessages": [],
          "meta": {}
        },
        {
          "ancestorTitles": [
            "chatCacheRepository"
          ],
          "fullName": "chatCacheRepository uses a safe localStorage fallback when IndexedDB is unavailable",
          "status": "passed",
          "title": "uses a safe localStorage fallback when IndexedDB is unavailable",
          "duration": 2.4166720000000623,
          "failureMessages": [],
          "meta": {}
        }
      ],
      "startTime": 1786444883100,
      "endTime": 1786444883106.4167,
      "status": "passed",
      "message": "",
      "name": "src/services/chat/chatCacheRepository.test.ts"
    },
    {
      "assertionResults": [
        {
          "ancestorTitles": [
            "ChatEventGateway"
          ],
          "fullName": "ChatEventGateway normalizes message events into message and conversation store mutations",
          "status": "passed",
          "title": "normalizes message events into message and conversation store mutations",
          "duration": 13.512771999999813,
          "failureMessages": [],
          "meta": {}
        },
        {
          "ancestorTitles": [
            "ChatEventGateway"
          ],
          "fullName": "ChatEventGateway routes typing events into session store state",
          "status": "passed",
          "title": "routes typing events into session store state",
          "duration": 1.3977199999999357,
          "failureMessages": [],
          "meta": {}
        },
        {
          "ancestorTitles": [
            "ChatEventGateway"
          ],
          "fullName": "ChatEventGateway keeps room read broadcasts from patching message read state or local unread counts",
          "status": "passed",
          "title": "keeps room read broadcasts from patching message read state or local unread counts",
          "duration": 1.4215210000002116,
          "failureMessages": [],
          "meta": {}
        },
        {
          "ancestorTitles": [
            "ChatEventGateway"
          ],
          "fullName": "ChatEventGateway ignores stale message replacements and does not regress conversation previews",
          "status": "passed",
          "title": "ignores stale message replacements and does not regress conversation previews",
          "duration": 1.9011709999999766,
          "failureMessages": [],
          "meta": {}
        },
        {
          "ancestorTitles": [
            "ChatEventGateway"
          ],
          "fullName": "ChatEventGateway keeps the newest room preview when older message events arrive later",
          "status": "passed",
          "title": "keeps the newest room preview when older message events arrive later",
          "duration": 1.442312000000129,
          "failureMessages": [],
          "meta": {}
        },
        {
          "ancestorTitles": [
            "ChatEventGateway"
          ],
          "fullName": "ChatEventGateway ignores stale reaction updates by event clock",
          "status": "passed",
          "title": "ignores stale reaction updates by event clock",
          "duration": 2.1875139999999647,
          "failureMessages": [],
          "meta": {}
        },
        {
          "ancestorTitles": [
            "ChatEventGateway"
          ],
          "fullName": "ChatEventGateway caps message and reaction event-clock memory to recent entries",
          "status": "passed",
          "title": "caps message and reaction event-clock memory to recent entries",
          "duration": 3.0199219999999514,
          "failureMessages": [],
          "meta": {}
        },
        {
          "ancestorTitles": [
            "ChatEventGateway"
          ],
          "fullName": "ChatEventGateway rejects malformed events without mutating stores",
          "status": "passed",
          "title": "rejects malformed events without mutating stores",
          "duration": 0.8579660000000331,
          "failureMessages": [],
          "meta": {}
        }
      ],
      "startTime": 1786444832077,
      "endTime": 1786444832102.858,
      "status": "passed",
      "message": "",
      "name": "src/services/chat/chatEventGateway.test.ts"
    },
    {
      "assertionResults": [
        {
          "ancestorTitles": [
            "chatManagerCache"
          ],
          "fullName": "chatManagerCache returns cached manager values until ttl expires",
          "status": "passed",
          "title": "returns cached manager values until ttl expires",
          "duration": 9.080189000000018,
          "failureMessages": [],
          "meta": {}
        },
        {
          "ancestorTitles": [
            "chatManagerCache"
          ],
          "fullName": "chatManagerCache invalidates by prefix and exposes stable manager keys",
          "status": "passed",
          "title": "invalidates by prefix and exposes stable manager keys",
          "duration": 1.5105200000000423,
          "failureMessages": [],
          "meta": {}
        }
      ],
      "startTime": 1786444862560,
      "endTime": 1786444862570.5105,
      "status": "passed",
      "message": "",
      "name": "src/services/chat/chatManagerCache.test.ts"
    },
    {
      "assertionResults": [
        {
          "ancestorTitles": [
            "chatRoomLifecycle"
          ],
          "fullName": "chatRoomLifecycle runs room-specific cleanup when the active room changes",
          "status": "passed",
          "title": "runs room-specific cleanup when the active room changes",
          "duration": 10.927363999999898,
          "failureMessages": [],
          "meta": {}
        }
      ],
      "startTime": 1786444864171,
      "endTime": 1786444864181.9272,
      "status": "passed",
      "message": "",
      "name": "src/services/chat/chatRoomLifecycle.test.ts"
    },
    {
      "assertionResults": [
        {
          "ancestorTitles": [
            "useConversationsStore"
          ],
          "fullName": "useConversationsStore hydrates conversations from cache before server reconciliation",
          "status": "passed",
          "title": "hydrates conversations from cache before server reconciliation",
          "duration": 9.867271000000073,
          "failureMessages": [],
          "meta": {}
        },
        {
          "ancestorTitles": [
            "useConversationsStore"
          ],
          "fullName": "useConversationsStore merges pending mute and pin state instead of blindly overwriting from server",
          "status": "passed",
          "title": "merges pending mute and pin state instead of blindly overwriting from server",
          "duration": 2.811613999999963,
          "failureMessages": [],
          "meta": {}
        }
      ],
      "startTime": 1786444854444,
      "endTime": 1786444854456.8115,
      "status": "passed",
      "message": "",
      "name": "src/stores/chat/conversations.test.ts"
    },
    {
      "assertionResults": [
        {
          "ancestorTitles": [
            "ForwardedHeader"
          ],
          "fullName": "ForwardedHeader emits profile opens when the forwarded source is actionable",
          "status": "passed",
          "title": "emits profile opens when the forwarded source is actionable",
          "duration": 70.45921999999996,
          "failureMessages": [],
          "meta": {}
        },
        {
          "ancestorTitles": [
            "ForwardedHeader"
          ],
          "fullName": "ForwardedHeader renders non-actionable forwarded sources without a button",
          "status": "passed",
          "title": "renders non-actionable forwarded sources without a button",
          "duration": 14.110135000000128,
          "failureMessages": [],
          "meta": {}
        }
      ],
      "startTime": 1786444784072,
      "endTime": 1786444784157.11,
      "status": "passed",
      "message": "",
      "name": "src/components/chat/messages/ForwardedHeader.test.ts"
    },
    {
      "assertionResults": [
        {
          "ancestorTitles": [
            "MessageRenderBoundary"
          ],
          "fullName": "MessageRenderBoundary renders a local fallback and reports diagnostics once for a bad message",
          "status": "passed",
          "title": "renders a local fallback and reports diagnostics once for a bad message",
          "duration": 55.59446600000001,
          "failureMessages": [],
          "meta": {}
        },
        {
          "ancestorTitles": [
            "MessageRenderBoundary"
          ],
          "fullName": "MessageRenderBoundary resets the fallback when the message identity changes",
          "status": "passed",
          "title": "resets the fallback when the message identity changes",
          "duration": 34.75046500000008,
          "failureMessages": [],
          "meta": {}
        }
      ],
      "startTime": 1786444782139,
      "endTime": 1786444782228.7505,
      "status": "passed",
      "message": "",
      "name": "src/components/chat/messages/MessageRenderBoundary.test.ts"
    },
    {
      "assertionResults": [
        {
          "ancestorTitles": [
            "ReplyPreview"
          ],
          "fullName": "ReplyPreview emits the replied message id when clicked",
          "status": "passed",
          "title": "emits the replied message id when clicked",
          "duration": 74.2876339999998,
          "failureMessages": [],
          "meta": {}
        },
        {
          "ancestorTitles": [
            "ReplyPreview"
          ],
          "fullName": "ReplyPreview uses stable Persian previews for media replies",
          "status": "passed",
          "title": "uses stable Persian previews for media replies",
          "duration": 12.243478000000323,
          "failureMessages": [],
          "meta": {}
        }
      ],
      "startTime": 1786444788346,
      "endTime": 1786444788432.2434,
      "status": "passed",
      "message": "",
      "name": "src/components/chat/messages/ReplyPreview.test.ts"
    },
    {
      "assertionResults": [
        {
          "ancestorTitles": [
            "TextMessageBubble"
          ],
          "fullName": "TextMessageBubble renders highlighted html and emits content clicks",
          "status": "passed",
          "title": "renders highlighted html and emits content clicks",
          "duration": 94.35362999999984,
          "failureMessages": [],
          "meta": {}
        }
      ],
      "startTime": 1786444801013,
      "endTime": 1786444801107.3535,
      "status": "passed",
      "message": "",
      "name": "src/components/chat/messages/TextMessageBubble.test.ts"
    }
  ]
}
